This is pdfTeX, Version 3.14159265-2.6-1.40.19 (MiKTeX 2.9.6840 64-bit) (preloaded format=pdflatex 2018.12.14)  14 MAR 2019 09:46
entering extended mode
**./thesis.tex
(thesis.tex
LaTeX2e <2018-04-01> patch level 5

("C:\Users\tizimmer\AppData\Local\Programs\MiKTeX 2.9\tex\latex\memoir\memoir.c
ls"
Document Class: memoir 2018/04/04 v3.7g configurable book, report, article docu
ment class
\onelineskip=\skip41
\lxvchars=\skip42
\xlvchars=\skip43
\@memcnta=\count80
\c@@memmarkcntra=\count81

("C:\Users\tizimmer\AppData\Local\Programs\MiKTeX 2.9\tex\generic\oberdiek\ifpd
f.sty"
Package: ifpdf 2018/09/07 v3.3 Provides the ifpdf switch
)
("C:\Users\tizimmer\AppData\Local\Programs\MiKTeX 2.9\tex\latex\ifetex\ifetex.s
ty"
Package: ifetex 2018/03/31 v1.2a ifetex

("C:\Users\tizimmer\AppData\Local\Programs\MiKTeX 2.9\tex\plain\ifetex\ifetex.t
ex"))
("C:\Users\tizimmer\AppData\Local\Programs\MiKTeX 2.9\tex\generic\ifxetex\ifxet
ex.sty"
Package: ifxetex 2010/09/12 v0.6 Provides ifxetex conditional
)
("C:\Users\tizimmer\AppData\Local\Programs\MiKTeX 2.9\tex\generic\oberdiek\iflu
atex.sty"
Package: ifluatex 2016/05/16 v1.4 Provides the ifluatex switch (HO)
Package ifluatex Info: LuaTeX not detected.
)
\stockheight=\skip44
\stockwidth=\skip45
\trimtop=\skip46
\trimedge=\skip47

("C:\Users\tizimmer\AppData\Local\Programs\MiKTeX 2.9\tex\latex\memoir\mem10.cl
o"
File: mem10.clo 2008/01/30 v0.3 memoir class 10pt size option
)
\binding=\skip48
\spinemargin=\skip49
\foremargin=\skip50
\uppermargin=\skip51
\lowermargin=\skip52
\headdrop=\skip53
\normalrulethickness=\skip54
\mem@maxheadheight=\skip55
\mem@maxfootheight=\skip56
\headwidth=\skip57
\c@storedpagenumber=\count82
\memPD=\dimen102
\m@mabparskip=\skip58
\thanksmarkwidth=\skip59
\thanksmarksep=\skip60
\droptitle=\skip61
\c@book=\count83
\c@part=\count84
\c@chapter=\count85
\c@section=\count86
\c@subsection=\count87
\c@subsubsection=\count88
\c@paragraph=\count89
\c@subparagraph=\count90
\beforechapskip=\skip62
\midchapskip=\skip63
\afterchapskip=\skip64
\chapindent=\skip65
\bottomsectionskip=\skip66
\secindent=\skip67
\beforesecskip=\skip68
\aftersecskip=\skip69
\subsecindent=\skip70
\beforesubsecskip=\skip71
\aftersubsecskip=\skip72
\subsubsecindent=\skip73
\beforesubsubsecskip=\skip74
\aftersubsubsecskip=\skip75
\paraindent=\skip76
\beforeparaskip=\skip77
\afterparaskip=\skip78
\subparaindent=\skip79
\beforesubparaskip=\skip80
\aftersubparaskip=\skip81
\pfbreakskip=\skip82
\c@@ppsavesec=\count91
\c@@ppsaveapp=\count92
\ragrparindent=\dimen103
\everylistparindent=\dimen104
\parsepi=\skip83
\topsepi=\skip84
\itemsepi=\skip85
\parsepii=\skip86
\topsepii=\skip87
\topsepiii=\skip88
\itemsepii=\skip89
\itemsepiii=\skip90
\partopsepii=\skip91
\partopsepiii=\skip92
\m@msavetopsep=\skip93
\m@msavepartopsep=\skip94
\@enLab=\toks14
\abstitleskip=\skip95
\absleftindent=\skip96
\abs@leftindent=\dimen105
\absrightindent=\skip97
\absparindent=\skip98
\absparsep=\skip99
\c@vslineno=\count93
\c@poemline=\count94
\c@modulo@vs=\count95
\c@memfvsline=\count96
\vleftskip=\skip100
\vrightskip=\skip101
\stanzaskip=\skip102
\versewidth=\skip103
\vgap=\skip104
\vindent=\skip105
\vleftmargin=\dimen106
\c@verse=\count97
\c@chrsinstr=\count98
\beforepoemtitleskip=\skip106
\afterpoemtitleskip=\skip107
\c@poem=\count99
\beforePoemTitleskip=\skip108
\midPoemTitleskip=\skip109
\afterPoemTitleskip=\skip110
\col@sep=\dimen107
\extrarowheight=\dimen108
\NC@list=\toks15
\extratabsurround=\skip111
\backup@length=\skip112
\TX@col@width=\dimen109
\TX@old@table=\dimen110
\TX@old@col=\dimen111
\TX@target=\dimen112
\TX@delta=\dimen113
\TX@cols=\count100
\TX@ftn=\toks16
\heavyrulewidth=\dimen114
\lightrulewidth=\dimen115
\cmidrulewidth=\dimen116
\belowrulesep=\dimen117
\belowbottomsep=\dimen118
\aboverulesep=\dimen119
\abovetopsep=\dimen120
\cmidrulesep=\dimen121
\cmidrulekern=\dimen122
\defaultaddspace=\dimen123
\@cmidla=\count101
\@cmidlb=\count102
\@aboverulesep=\dimen124
\@belowrulesep=\dimen125
\@thisruleclass=\count103
\@lastruleclass=\count104
\@thisrulewidth=\dimen126
\ctableftskip=\skip113
\ctabrightskip=\skip114
\abovecolumnspenalty=\count105
\@linestogo=\count106
\@cellstogo=\count107
\@cellsincolumn=\count108
\crtok=\toks17
\@mincolumnwidth=\dimen127
\c@newflo@tctr=\count109
\mem@margin@floatbox=\box26
\@contcwidth=\skip115
\@contindw=\skip116
\abovecaptionskip=\skip117
\belowcaptionskip=\skip118
\subfloattopskip=\skip119
\subfloatcapskip=\skip120
\subfloatcaptopadj=\skip121
\subfloatbottomskip=\skip122
\subfloatlabelskip=\skip123
\subfloatcapmargin=\dimen128
\c@@contsubnum=\count110
\m@mscap@capbox=\box27
\m@mscap@fbox=\box28
\sidecapsep=\dimen129
\sidecapwidth=\dimen130
\m@m@tempdima=\dimen131
\m@mscapraise=\dimen132
\sidecapraise=\dimen133
\m@mscapmainwidth=\dimen134
\m@mscaplkern=\dimen135
\beforeepigraphskip=\skip124
\afterepigraphskip=\skip125
\epigraphwidth=\skip126
\epigraphrule=\skip127
LaTeX Info: Redefining \em on input line 7578.
LaTeX Info: Redefining \emph on input line 7586.
\tocentryskip=\skip128
\tocbaseline=\skip129
\cftparskip=\skip130
\cftbeforebookskip=\skip131
\cftbookindent=\dimen136
\cftbooknumwidth=\dimen137
\cftbeforepartskip=\skip132
\cftpartindent=\skip133
\cftpartnumwidth=\skip134
\cftbeforechapterskip=\skip135
\cftchapterindent=\skip136
\cftchapternumwidth=\skip137
\cftbeforesectionskip=\skip138
\cftsectionindent=\skip139
\cftsectionnumwidth=\skip140
\cftbeforesubsectionskip=\skip141
\cftsubsectionindent=\skip142
\cftsubsectionnumwidth=\skip143
\cftbeforesubsubsectionskip=\skip144
\cftsubsubsectionindent=\skip145
\cftsubsubsectionnumwidth=\skip146
\cftbeforeparagraphskip=\skip147
\cftparagraphindent=\skip148
\cftparagraphnumwidth=\skip149
\cftbeforesubparagraphskip=\skip150
\cftsubparagraphindent=\skip151
\cftsubparagraphnumwidth=\skip152
\prechapterprecisshift=\dimen138
\c@maxsecnumdepth=\count111
\bibindent=\dimen139
\bibitemsep=\skip153
\indexcolsep=\skip154
\indexrule=\skip155
\indexmarkstyle=\toks18
\@indexbox=\insert199
\glossarycolsep=\dimen140
\glossaryrule=\dimen141
\sideparvshift=\skip156
\sideins=\insert198
\sidebartopsep=\skip157
\sidebarhsep=\skip158
\sidebarvsep=\skip159
\sidebarwidth=\skip160
\footmarkwidth=\skip161
\footmarksep=\skip162
\footparindent=\skip163
\footinsdim=\skip164
\footinsv@r=\insert197
\@mpfootinsv@r=\insert196
\m@m@k=\count112
\m@m@h=\dimen142
\m@mipn@skip=\skip165
\sidefootins=\insert195
\sidefootadjust=\skip166
\sidefootheight=\skip167
\sidefoothsep=\skip168
\sidefootvsep=\skip169
\sidefootwidth=\skip170
\m@mdownsf=\skip171
\c@sidefootnote=\count113
\sidefootmarkwidth=\skip172
\sidefootmarksep=\skip173
\sidefootparindent=\skip174
\c@pagenote=\count114
\c@pagenoteshadow=\count115
\mem@pn@lastkern=\skip175
\every@verbatim=\toks19
\afterevery@verbatim=\toks20
\verbatim@line=\toks21
\tab@position=\count116
\verbatim@in@stream=\read1
\verbatimindent=\skip176
\verbatim@out=\write3
\bvboxsep=\skip177
\c@memfbvline=\count117
\c@bvlinectr=\count118
\bvnumlength=\skip178
\fb@frw=\dimen143
\fb@frh=\dimen144
\FrameRule=\dimen145
\FrameSep=\dimen146
\c@cp@cntr=\count119
LaTeX Info: Redefining \: on input line 12100.
LaTeX Info: Redefining \! on input line 12102.
\c@ism@mctr=\count120
\c@xsm@mctr=\count121
\c@csm@mctr=\count122
\c@ksm@mctr=\count123
\c@xksm@mctr=\count124
\c@cksm@mctr=\count125
\c@msm@mctr=\count126
\c@xmsm@mctr=\count127
\c@cmsm@mctr=\count128
\c@bsm@mctr=\count129
\c@workm@mctr=\count130
\c@sheetsequence=\count131
\c@lastsheet=\count132
\c@lastpage=\count133
\c@figure=\count134
\c@lofdepth=\count135
\cftbeforefigureskip=\skip179
\cftfigureindent=\skip180
\cftfigurenumwidth=\skip181
\c@table=\count136
\c@lotdepth=\count137
\cftbeforetableskip=\skip182
\cfttableindent=\skip183
\cfttablenumwidth=\skip184
Package abstract [2008/07/23] emulated by memoir.
Package appendix [2008/07/23] emulated by memoir.
Package array [2016/10/06] emulated by memoir.
Package booktabs [2016/05/16] emulated by memoir.
Package ccaption [2008/07/23] emulated by memoir.
Package changepage [2008/07/23] emulated by memoir.
Package chngcntr [2008/07/23] emulated by memoir.
Package chngpage [2008/07/23] emulated by memoir.
Package crop emulated by memoir.
Package dcolumn [2008/07/23] emulated by memoir.
Package delarray [2014/10/28] emulated by memoir.
Package enumerate [2008/07/23] emulated by memoir.
Package epigraph [2008/07/23] emulated by memoir.
Package ifmtarg [2008/07/23] emulated by memoir.
Package index [2008/07/23] emulated by memoir.
Package makeidx [2008/07/23] emulated by memoir.
Package moreverb [2008/07/23] emulated by memoir.
Package mparhack [2008/07/23] emulated by memoir.
Package needspace [2008/07/23] emulated by memoir.
Package newfile [2008/07/23] emulated by memoir.
Package nextpage [2008/07/23] emulated by memoir.
Package pagenote [2008/07/23] emulated by memoir.
Package parskip [2008/07/23] emulated by memoir.
Package patchcmd [2008/07/23] emulated by memoir.
Package setspace [2008/07/23] emulated by memoir.
Package shortvrb [2008/07/23] emulated by memoir.
Package showidx [2008/07/23] emulated by memoir.
Package tabularx [2016/02/03] emulated by memoir.
Package titleref [2008/07/23] emulated by memoir.
Package titling [2008/07/23] emulated by memoir.
Package tocbibind [2008/07/23] emulated by memoir.
Package tocloft [2008/07/23] emulated by memoir.
Package tocvsec2 [2008/07/23] emulated by memoir.
Package verbatim [2008/07/23] emulated by memoir.
Package verse [2008/07/23] emulated by memoir.
) (basilea.sty
Package: basilea 2014

("C:\Users\tizimmer\AppData\Local\Programs\MiKTeX 2.9\tex\generic\babel\babel.s
ty"
Package: babel 2018/09/26 3.24 The Babel package

("C:\Users\tizimmer\AppData\Local\Programs\MiKTeX 2.9\tex\generic\babel\switch.
def"
File: switch.def 2018/09/26 3.24 Babel switching mechanism
)
*************************************
* Local config file bblopts.cfg used
*

("C:\Users\tizimmer\AppData\Local\Programs\MiKTeX 2.9\tex\latex\arabi\bblopts.c
fg"
File: bblopts.cfg 2005/09/08 v0.1 add Arabic and Farsi to "declared" options of
 babel
)
("C:\Users\tizimmer\AppData\Local\Programs\MiKTeX 2.9\tex\latex\babel-german\ng
erman.ldf"
Language: ngerman 2018/03/29 v2.10 German support for babel (post-1996 orthogra
phy)

("C:\Users\tizimmer\AppData\Local\Programs\MiKTeX 2.9\tex\latex\babel-german\ng
ermanb.ldf"
Language: ngermanb 2018/03/29 v2.10 German support for babel (post-1996 orthogr
aphy)

("C:\Users\tizimmer\AppData\Local\Programs\MiKTeX 2.9\tex\generic\babel\babel.d
ef"
File: babel.def 2018/09/26 3.24 Babel common definitions
\babel@savecnt=\count138
\U@D=\dimen147

("C:\Users\tizimmer\AppData\Local\Programs\MiKTeX 2.9\tex\generic\babel\txtbabe
l.def")
\bbl@dirlevel=\count139
)
Package babel Info: Making " an active character on input line 121.
))
("C:\Users\tizimmer\AppData\Local\Programs\MiKTeX 2.9\tex\latex\babel-english\e
nglish.ldf"
Language: english 2017/06/06 v3.3r English support from the babel system
\l@canadian = a dialect from \language\l@american 
\l@australian = a dialect from \language\l@british 
\l@newzealand = a dialect from \language\l@british 
))
("C:\Users\tizimmer\AppData\Local\Programs\MiKTeX 2.9\tex\latex\base\inputenc.s
ty"
Package: inputenc 2018/04/06 v1.3b Input encoding file
\inpenc@prehook=\toks22
\inpenc@posthook=\toks23
)
("C:\Users\tizimmer\AppData\Local\Programs\MiKTeX 2.9\tex\latex\xcolor\xcolor.s
ty"
Package: xcolor 2016/05/11 v2.12 LaTeX color extensions (UK)

("C:\Users\tizimmer\AppData\Local\Programs\MiKTeX 2.9\tex\latex\graphics-cfg\co
lor.cfg"
File: color.cfg 2016/01/02 v1.6 sample color configuration
)
Package xcolor Info: Driver file: pdftex.def on input line 225.

("C:\Users\tizimmer\AppData\Local\Programs\MiKTeX 2.9\tex\latex\graphics-def\pd
ftex.def"
File: pdftex.def 2018/01/08 v1.0l Graphics/color driver for pdftex
)
Package xcolor Info: Model `cmy' substituted by `cmy0' on input line 1348.
Package xcolor Info: Model `hsb' substituted by `rgb' on input line 1352.
Package xcolor Info: Model `RGB' extended on input line 1364.
Package xcolor Info: Model `HTML' substituted by `rgb' on input line 1366.
Package xcolor Info: Model `Hsb' substituted by `hsb' on input line 1367.
Package xcolor Info: Model `tHsb' substituted by `hsb' on input line 1368.
Package xcolor Info: Model `HSB' substituted by `hsb' on input line 1369.
Package xcolor Info: Model `Gray' substituted by `gray' on input line 1370.
Package xcolor Info: Model `wave' substituted by `hsb' on input line 1371.

("C:\Users\tizimmer\AppData\Local\Programs\MiKTeX 2.9\tex\latex\graphics\dvipsn
am.def"
File: dvipsnam.def 2016/06/17 v3.0m Driver-dependent file (DPC,SPQR)
))
("C:\Users\tizimmer\AppData\Local\Programs\MiKTeX 2.9\tex\latex\amsmath\amsmath
.sty"
Package: amsmath 2017/09/02 v2.17a AMS math features
\@mathmargin=\skip185

For additional information on amsmath, use the `?' option.

("C:\Users\tizimmer\AppData\Local\Programs\MiKTeX 2.9\tex\latex\amsmath\amstext
.sty"
Package: amstext 2000/06/29 v2.01 AMS text

("C:\Users\tizimmer\AppData\Local\Programs\MiKTeX 2.9\tex\latex\amsmath\amsgen.
sty"
File: amsgen.sty 1999/11/30 v2.0 generic functions
\@emptytoks=\toks24
\ex@=\dimen148
))
("C:\Users\tizimmer\AppData\Local\Programs\MiKTeX 2.9\tex\latex\amsmath\amsbsy.
sty"
Package: amsbsy 1999/11/29 v1.2d Bold Symbols
\pmbraise@=\dimen149
)
("C:\Users\tizimmer\AppData\Local\Programs\MiKTeX 2.9\tex\latex\amsmath\amsopn.
sty"
Package: amsopn 2016/03/08 v2.02 operator names
)
\inf@bad=\count140
LaTeX Info: Redefining \frac on input line 213.
\uproot@=\count141
\leftroot@=\count142
LaTeX Info: Redefining \overline on input line 375.
\classnum@=\count143
\DOTSCASE@=\count144
LaTeX Info: Redefining \ldots on input line 472.
LaTeX Info: Redefining \dots on input line 475.
LaTeX Info: Redefining \cdots on input line 596.
\Mathstrutbox@=\box29
\strutbox@=\box30
\big@size=\dimen150
LaTeX Font Info:    Redeclaring font encoding OML on input line 712.
LaTeX Font Info:    Redeclaring font encoding OMS on input line 713.
\macc@depth=\count145
\c@MaxMatrixCols=\count146
\dotsspace@=\muskip10
\c@parentequation=\count147
\dspbrk@lvl=\count148
\tag@help=\toks25
\row@=\count149
\column@=\count150
\maxfields@=\count151
\andhelp@=\toks26
\eqnshift@=\dimen151
\alignsep@=\dimen152
\tagshift@=\dimen153
\tagwidth@=\dimen154
\totwidth@=\dimen155
\lineht@=\dimen156
\@envbody=\toks27
\multlinegap=\skip186
\multlinetaggap=\skip187
\mathdisplay@stack=\toks28
LaTeX Info: Redefining \[ on input line 2817.
LaTeX Info: Redefining \] on input line 2818.
)
("C:\Users\tizimmer\AppData\Local\Programs\MiKTeX 2.9\tex\latex\amsfonts\amsfon
ts.sty"
Package: amsfonts 2013/01/14 v3.01 Basic AMSFonts support
\symAMSa=\mathgroup4
\symAMSb=\mathgroup5
LaTeX Font Info:    Overwriting math alphabet `\mathfrak' in version `bold'
(Font)                  U/euf/m/n --> U/euf/b/n on input line 106.
)
("C:\Users\tizimmer\AppData\Local\Programs\MiKTeX 2.9\tex\latex\amsfonts\amssym
b.sty"
Package: amssymb 2013/01/14 v3.01 AMS font symbols
)
("C:\Users\tizimmer\AppData\Local\Programs\MiKTeX 2.9\tex\latex\amscls\amsthm.s
ty"
Package: amsthm 2017/10/31 v2.20.4
\thm@style=\toks29
\thm@bodyfont=\toks30
\thm@headfont=\toks31
\thm@notefont=\toks32
\thm@headpunct=\toks33
\thm@preskip=\skip188
\thm@postskip=\skip189
\thm@headsep=\skip190
\dth@everypar=\toks34
)
("C:\Users\tizimmer\AppData\Local\Programs\MiKTeX 2.9\tex\latex\tools\bm.sty"
Package: bm 2017/01/16 v1.2c Bold Symbol Support (DPC/FMi)
\symboldoperators=\mathgroup6
\symboldletters=\mathgroup7
\symboldsymbols=\mathgroup8
LaTeX Font Info:    Redeclaring math alphabet \mathbf on input line 141.
LaTeX Info: Redefining \bm on input line 207.
)
("C:\Users\tizimmer\AppData\Local\Programs\MiKTeX 2.9\tex\latex\graphics\graphi
cx.sty"
Package: graphicx 2017/06/01 v1.1a Enhanced LaTeX Graphics (DPC,SPQR)

("C:\Users\tizimmer\AppData\Local\Programs\MiKTeX 2.9\tex\latex\graphics\keyval
.sty"
Package: keyval 2014/10/28 v1.15 key=value parser (DPC)
\KV@toks@=\toks35
)
("C:\Users\tizimmer\AppData\Local\Programs\MiKTeX 2.9\tex\latex\graphics\graphi
cs.sty"
Package: graphics 2017/06/25 v1.2c Standard LaTeX Graphics (DPC,SPQR)

("C:\Users\tizimmer\AppData\Local\Programs\MiKTeX 2.9\tex\latex\graphics\trig.s
ty"
Package: trig 2016/01/03 v1.10 sin cos tan (DPC)
)
("C:\Users\tizimmer\AppData\Local\Programs\MiKTeX 2.9\tex\latex\graphics-cfg\gr
aphics.cfg"
File: graphics.cfg 2016/06/04 v1.11 sample graphics configuration
)
Package graphics Info: Driver file: pdftex.def on input line 99.
)
\Gin@req@height=\dimen157
\Gin@req@width=\dimen158
)
("C:\Users\tizimmer\AppData\Local\Programs\MiKTeX 2.9\tex\latex\caption\subcapt
ion.sty"
Package: subcaption 2018/05/01 v1.1-162 Sub-captions (AR)


Class memoir Warning: You are using the caption package with the memoir class. 
To prepare we will now reset all captioning macros and configurations to kernel
 defaults, and then let the caption package take over. Please remember to use
 the caption package interfaces in order to
 configure your captions.


("C:\Users\tizimmer\AppData\Local\Programs\MiKTeX 2.9\tex\latex\caption\caption
.sty"
Package: caption 2018/10/06 v3.3-154 Customizing captions (AR)

("C:\Users\tizimmer\AppData\Local\Programs\MiKTeX 2.9\tex\latex\caption\caption
3.sty"
Package: caption3 2018/09/12 v1.8c caption3 kernel (AR)
Package caption3 Info: TeX engine: e-TeX on input line 64.
\captionmargin=\dimen159
\captionmargin@=\dimen160
\captionwidth=\dimen161
\caption@tempdima=\dimen162
\caption@indent=\dimen163
\caption@parindent=\dimen164
\caption@hangindent=\dimen165
)
\c@caption@flags=\count152
\c@ContinuedFloat=\count153
)
\c@subfigure=\count154
\c@subtable=\count155
)
("C:\Users\tizimmer\AppData\Local\Programs\MiKTeX 2.9\tex\latex\float\float.sty
"
Package: float 2001/11/08 v1.3d Float enhancements (AL)
\c@float@type=\count156
\float@exts=\toks36
\float@box=\box31
\@float@everytoks=\toks37
\@floatcapt=\box32
)
("C:\Users\tizimmer\AppData\Local\Programs\MiKTeX 2.9\tex\latex\mathtools\matht
ools.sty"
Package: mathtools 2018/01/08 v1.21 mathematical typesetting tools

("C:\Users\tizimmer\AppData\Local\Programs\MiKTeX 2.9\tex\latex\tools\calc.sty"
Package: calc 2017/05/25 v4.3 Infix arithmetic (KKT,FJ)
\calc@Acount=\count157
\calc@Bcount=\count158
\calc@Adimen=\dimen166
\calc@Bdimen=\dimen167
\calc@Askip=\skip191
\calc@Bskip=\skip192
LaTeX Info: Redefining \setlength on input line 80.
LaTeX Info: Redefining \addtolength on input line 81.
\calc@Ccount=\count159
\calc@Cskip=\skip193
)
("C:\Users\tizimmer\AppData\Local\Programs\MiKTeX 2.9\tex\latex\mathtools\mhset
up.sty"
Package: mhsetup 2017/03/31 v1.3 programming setup (MH)
)
LaTeX Info: Thecontrolsequence`\('isalreadyrobust on input line 129.
LaTeX Info: Thecontrolsequence`\)'isalreadyrobust on input line 129.
LaTeX Info: Thecontrolsequence`\['isalreadyrobust on input line 129.
LaTeX Info: Thecontrolsequence`\]'isalreadyrobust on input line 129.
\g_MT_multlinerow_int=\count160
\l_MT_multwidth_dim=\dimen168
\origjot=\skip194
\l_MT_shortvdotswithinadjustabove_dim=\dimen169
\l_MT_shortvdotswithinadjustbelow_dim=\dimen170
\l_MT_above_intertext_sep=\dimen171
\l_MT_below_intertext_sep=\dimen172
\l_MT_above_shortintertext_sep=\dimen173
\l_MT_below_shortintertext_sep=\dimen174
)
("C:\Users\tizimmer\AppData\Local\Programs\MiKTeX 2.9\tex\latex\algorithms\algo
rithm.sty"
Package: algorithm 2009/08/24 v0.1 Document Style `algorithm' - floating enviro
nment

("C:\Users\tizimmer\AppData\Local\Programs\MiKTeX 2.9\tex\latex\base\ifthen.sty
"
Package: ifthen 2014/09/29 v1.1c Standard LaTeX ifthen package (DPC)
)
\@float@every@algorithm=\toks38
\c@algorithm=\count161
)
("C:\Users\tizimmer\AppData\Local\Programs\MiKTeX 2.9\tex\latex\algorithmicx\al
gpseudocode.sty"
Package: algpseudocode 

("C:\Users\tizimmer\AppData\Local\Programs\MiKTeX 2.9\tex\latex\algorithmicx\al
gorithmicx.sty"
Package: algorithmicx 2005/04/27 v1.2 Algorithmicx

Document Style algorithmicx 1.2 - a greatly improved `algorithmic' style
\c@ALG@line=\count162
\c@ALG@rem=\count163
\c@ALG@nested=\count164
\ALG@tlm=\skip256
\ALG@thistlm=\skip257
\c@ALG@Lnr=\count165
\c@ALG@blocknr=\count166
\c@ALG@storecount=\count167
\c@ALG@tmpcounter=\count168
\ALG@tmplength=\skip258
)
Document Style - pseudocode environments for use with the `algorithmicx' style
)
("C:\Users\tizimmer\AppData\Local\Programs\MiKTeX 2.9\tex\latex\nomencl\nomencl
.sty"
Package: nomencl 2005/09/22 v4.2 Nomenclature package (LN)
\nomlabelwidth=\dimen175
\nom@tempdim=\dimen176
\nomitemsep=\skip259
)
\@nomenclaturefile=\write4
\openout4 = `thesis.nlo'.


Writing nomenclature file thesis.nlo

("C:\Users\tizimmer\AppData\Local\Programs\MiKTeX 2.9\tex\latex\eso-pic\eso-pic
.sty"
Package: eso-pic 2018/04/12 v2.0h eso-pic (RN)

("C:\Users\tizimmer\AppData\Local\Programs\MiKTeX 2.9\tex\generic\oberdiek\atbe
gshi.sty"
Package: atbegshi 2016/06/09 v1.18 At begin shipout hook (HO)

("C:\Users\tizimmer\AppData\Local\Programs\MiKTeX 2.9\tex\generic\oberdiek\infw
arerr.sty"
Package: infwarerr 2016/05/16 v1.4 Providing info/warning/error messages (HO)
)
("C:\Users\tizimmer\AppData\Local\Programs\MiKTeX 2.9\tex\generic\oberdiek\ltxc
mds.sty"
Package: ltxcmds 2016/05/16 v1.23 LaTeX kernel commands for general use (HO)
)))
("C:\Users\tizimmer\AppData\Local\Programs\MiKTeX 2.9\tex\latex\ms\everyshi.sty
"
Package: everyshi 2001/05/15 v3.00 EveryShipout Package (MS)
)
("C:\Users\tizimmer\AppData\Local\Programs\MiKTeX 2.9\tex\latex\pdfpages\pdfpag
es.sty"
Package: pdfpages 2017/10/31 v0.5l Insert pages of external PDF documents (AM)
\AM@pagewidth=\dimen177
\AM@pageheight=\dimen178

("C:\Users\tizimmer\AppData\Local\Programs\MiKTeX 2.9\tex\latex\pdfpages\pppdft
ex.def"
File: pppdftex.def 2017/10/31 v0.5l Pdfpages driver for pdfTeX (AM)
)
\AM@pagebox=\box33
\AM@global@opts=\toks39
\AM@toc@title=\toks40
\c@AM@survey=\count169
\AM@templatesizebox=\box34
)

******************************************************
Stock height and width: 845.04684pt by 597.50787pt
Top and edge trims: 0pt and 0pt
Page height and width: 845.04684pt by 597.50787pt
Text height and width: 718pt by 455pt
Spine and edge margins: 71.13188pt and 71.13188pt
Upper and lower margins: 71.13188pt and 55.91496pt
Headheight and headsep: 12pt and 18.06749pt
Footskip: 25.29494pt
Columnsep and columnseprule: 10pt and 0pt
Marginparsep and marginparwidth: 7pt and 57.13188pt
Sidecapsep and sidecapwidth: 7pt and 63pt
Sidebarhsep and sidebarwidth: 7pt and 63pt
Sidebarvsep and sidebartopsep: 12pt and 0pt
Sidebarheight: 596.39996pt
Sidefoothsep and sidefootwidth: 7pt and 63pt
Sidefootvsep and sidefootheight: 12pt and 596.39996pt
******************************************************

\c@dummy=\count170

("C:\Users\tizimmer\AppData\Local\Programs\MiKTeX 2.9\tex\latex\footmisc\footmi
sc.sty"
Package: footmisc 2011/06/06 v5.5b a miscellany of footnote facilities
\FN@temptoken=\toks41
\footnotemargin=\dimen179
\c@pp@next@reset=\count171
Package footmisc Info: Declaring symbol style bringhurst on input line 855.
Package footmisc Info: Declaring symbol style chicago on input line 863.
Package footmisc Info: Declaring symbol style wiley on input line 872.
Package footmisc Info: Declaring symbol style lamport-robust on input line 883.

Package footmisc Info: Declaring symbol style lamport* on input line 903.
Package footmisc Info: Declaring symbol style lamport*-robust on input line 924
.
)
("C:\Users\tizimmer\AppData\Local\Programs\MiKTeX 2.9\tex\latex\soul\soul.sty"
Package: soul 2003/11/17 v2.4 letterspacing/underlining (mf)
\SOUL@word=\toks42
\SOUL@lasttoken=\toks43
\SOUL@cmds=\toks44
\SOUL@buffer=\toks45
\SOUL@token=\toks46
\SOUL@spaceskip=\skip260
\SOUL@ttwidth=\dimen180
\SOUL@uldp=\dimen181
\SOUL@ulht=\dimen182
)
("C:\Users\tizimmer\AppData\Local\Programs\MiKTeX 2.9\tex\latex\amsmath\amscd.s
ty"
Package: amscd 2017/04/14 v2.1 AMS Commutative Diagrams
\athelp@=\toks47
\minaw@=\dimen183
\bigaw@=\dimen184
\minCDarrowwidth=\dimen185
)
("C:\Users\tizimmer\AppData\Local\Programs\MiKTeX 2.9\tex\latex\natbib\natbib.s
ty"
Package: natbib 2010/09/13 8.31b (PWD, AO)
\bibhang=\skip261
\bibsep=\skip262
LaTeX Info: Redefining \cite on input line 694.
\c@NAT@ctr=\count172
) ("C:\Users\tizimmer\AppData\Local\Programs\MiKTeX 2.9\tex\latex\url\url.sty"
\Urlmuskip=\muskip11
Package: url 2013/09/16  ver 3.4  Verb mode for urls, etc.
)
("C:\Users\tizimmer\AppData\Local\Programs\MiKTeX 2.9\tex\latex\hyperref\hyperr
ef.sty"
Package: hyperref 2018/09/30 v6.88a Hypertext links for LaTeX

("C:\Users\tizimmer\AppData\Local\Programs\MiKTeX 2.9\tex\generic\oberdiek\hobs
ub-hyperref.sty"
Package: hobsub-hyperref 2016/05/16 v1.14 Bundle oberdiek, subset hyperref (HO)


("C:\Users\tizimmer\AppData\Local\Programs\MiKTeX 2.9\tex\generic\oberdiek\hobs
ub-generic.sty"
Package: hobsub-generic 2016/05/16 v1.14 Bundle oberdiek, subset generic (HO)
Package: hobsub 2016/05/16 v1.14 Construct package bundles (HO)
Package hobsub Info: Skipping package `infwarerr' (already loaded).
Package hobsub Info: Skipping package `ltxcmds' (already loaded).
Package hobsub Info: Skipping package `ifluatex' (already loaded).
Package: ifvtex 2016/05/16 v1.6 Detect VTeX and its facilities (HO)
Package ifvtex Info: VTeX not detected.
Package: intcalc 2016/05/16 v1.2 Expandable calculations with integers (HO)
Package hobsub Info: Skipping package `ifpdf' (already loaded).
Package: etexcmds 2016/05/16 v1.6 Avoid name clashes with e-TeX commands (HO)
Package etexcmds Info: Could not find \expanded.
(etexcmds)             That can mean that you are not using pdfTeX 1.50 or
(etexcmds)             that some package has redefined \expanded.
(etexcmds)             In the latter case, load this package earlier.
Package: kvsetkeys 2016/05/16 v1.17 Key value parser (HO)
Package: kvdefinekeys 2016/05/16 v1.4 Define keys (HO)
Package: pdftexcmds 2018/09/10 v0.29 Utility functions of pdfTeX for LuaTeX (HO
)
Package pdftexcmds Info: LuaTeX not detected.
Package pdftexcmds Info: \pdf@primitive is available.
Package pdftexcmds Info: \pdf@ifprimitive is available.
Package pdftexcmds Info: \pdfdraftmode found.
Package: pdfescape 2016/05/16 v1.14 Implements pdfTeX's escape features (HO)
Package: bigintcalc 2016/05/16 v1.4 Expandable calculations on big integers (HO
)
Package: bitset 2016/05/16 v1.2 Handle bit-vector datatype (HO)
Package: uniquecounter 2016/05/16 v1.3 Provide unlimited unique counter (HO)
)
Package hobsub Info: Skipping package `hobsub' (already loaded).
Package: letltxmacro 2016/05/16 v1.5 Let assignment for LaTeX macros (HO)
Package: hopatch 2016/05/16 v1.3 Wrapper for package hooks (HO)
Package: xcolor-patch 2016/05/16 xcolor patch
Package: atveryend 2016/05/16 v1.9 Hooks at the very end of document (HO)
Package atveryend Info: \enddocument detected (standard20110627).
Package hobsub Info: Skipping package `atbegshi' (already loaded).
Package: refcount 2016/05/16 v3.5 Data extraction from label references (HO)
Package: hycolor 2016/05/16 v1.8 Color options for hyperref/bookmark (HO)
)
("C:\Users\tizimmer\AppData\Local\Programs\MiKTeX 2.9\tex\latex\oberdiek\auxhoo
k.sty"
Package: auxhook 2016/05/16 v1.4 Hooks for auxiliary files (HO)
)
("C:\Users\tizimmer\AppData\Local\Programs\MiKTeX 2.9\tex\latex\oberdiek\kvopti
ons.sty"
Package: kvoptions 2016/05/16 v3.12 Key value format for package options (HO)
)
\@linkdim=\dimen186
\Hy@linkcounter=\count173
\Hy@pagecounter=\count174

("C:\Users\tizimmer\AppData\Local\Programs\MiKTeX 2.9\tex\latex\hyperref\pd1enc
.def"
File: pd1enc.def 2018/09/30 v6.88a Hyperref: PDFDocEncoding definition (HO)
Now handling font encoding PD1 ...
... no UTF-8 mapping file for font encoding PD1
)
\Hy@SavedSpaceFactor=\count175

("C:\Users\tizimmer\AppData\Local\Programs\MiKTeX 2.9\tex\latex\00miktex\hyperr
ef.cfg"
File: hyperref.cfg 2002/06/06 v1.2 hyperref configuration of TeXLive
)
Package hyperref Info: Option `bookmarks' set `true' on input line 4409.
Package hyperref Info: Option `bookmarksopen' set `true' on input line 4409.
Package hyperref Info: Option `bookmarksnumbered' set `true' on input line 4409
.
Package hyperref Info: Option `hypertexnames' set `false' on input line 4409.
Package hyperref Info: Option `colorlinks' set `true' on input line 4409.
Package hyperref Info: Option `breaklinks' set `true' on input line 4409.
Package hyperref Info: Option `unicode' set `true' on input line 4409.

("C:\Users\tizimmer\AppData\Local\Programs\MiKTeX 2.9\tex\latex\hyperref\puenc.
def"
File: puenc.def 2018/09/30 v6.88a Hyperref: PDF Unicode definition (HO)
Now handling font encoding PU ...
... no UTF-8 mapping file for font encoding PU
)
Package hyperref Info: Hyper figures OFF on input line 4535.
Package hyperref Info: Link nesting OFF on input line 4540.
Package hyperref Info: Hyper index ON on input line 4543.
Package hyperref Info: Plain pages OFF on input line 4550.
Package hyperref Info: Backreferencing OFF on input line 4555.
Package hyperref Info: Implicit mode ON; LaTeX internals redefined.
Package hyperref Info: Bookmarks ON on input line 4788.
\c@Hy@tempcnt=\count176
LaTeX Info: Redefining \url on input line 5141.
\XeTeXLinkMargin=\dimen187
\Fld@menulength=\count177
\Field@Width=\dimen188
\Fld@charsize=\dimen189
Package hyperref Info: Hyper figures OFF on input line 6396.
Package hyperref Info: Link nesting OFF on input line 6401.
Package hyperref Info: Hyper index ON on input line 6404.
Package hyperref Info: backreferencing OFF on input line 6411.
Package hyperref Info: Link coloring ON on input line 6414.
Package hyperref Info: Link coloring with OCG OFF on input line 6421.
Package hyperref Info: PDF/A mode OFF on input line 6426.
LaTeX Info: Redefining \ref on input line 6466.
LaTeX Info: Redefining \pageref on input line 6470.
\Hy@abspage=\count178
\c@Item=\count179
\c@Hfootnote=\count180
)
("C:\Users\tizimmer\AppData\Local\Programs\MiKTeX 2.9\tex\latex\memoir\memhfixc
.sty"
Package: memhfixc 2013/05/30 v1.17 nameref/hyperref package fixes for memoir cl
ass
\c@memhycontfloat=\count181
\c@Hpagenote=\count182
)
Package hyperref Info: Driver (autodetected): hpdftex.

("C:\Users\tizimmer\AppData\Local\Programs\MiKTeX 2.9\tex\latex\hyperref\hpdfte
x.def"
File: hpdftex.def 2018/09/30 v6.88a Hyperref driver for pdfTeX
\Fld@listcount=\count183
\c@bookmark@seq@number=\count184

("C:\Users\tizimmer\AppData\Local\Programs\MiKTeX 2.9\tex\latex\oberdiek\rerunf
ilecheck.sty"
Package: rerunfilecheck 2016/05/16 v1.8 Rerun checks for auxiliary files (HO)
Package uniquecounter Info: New unique counter `rerunfilecheck' on input line 2
82.
)
\Hy@SectionHShift=\skip263
)
("C:\Users\tizimmer\AppData\Local\Programs\MiKTeX 2.9\tex\latex\cleveref\clever
ef.sty"
Package: cleveref 2018/03/27 v0.21.4 Intelligent cross-referencing
LaTeX Info: Redefining \Cref on input line 925.
Package cleveref Info: `hyperref' support loaded on input line 2370.
LaTeX Info: Redefining \cref on input line 2370.
LaTeX Info: Redefining \Cref on input line 2370.
LaTeX Info: Redefining \crefrange on input line 2370.
LaTeX Info: Redefining \Crefrange on input line 2370.
LaTeX Info: Redefining \cpageref on input line 2370.
LaTeX Info: Redefining \Cpageref on input line 2370.
LaTeX Info: Redefining \cpagerefrange on input line 2370.
LaTeX Info: Redefining \Cpagerefrange on input line 2370.
LaTeX Info: Redefining \labelcref on input line 2370.
LaTeX Info: Redefining \labelcpageref on input line 2370.
Package cleveref Info: `amsthm' support loaded on input line 3026.
Package cleveref Info: `algorithmicx' support loaded on input line 3120.
Package cleveref Info: always capitalise cross-reference names on input line 78
30.
Package cleveref Info: always capitalise cross-reference names on input line 78
52.
)
("C:\Users\tizimmer\AppData\Local\Programs\MiKTeX 2.9\tex\latex\todonotes\todon
otes.sty"
Package: todonotes 2018/11/22 v1.1.1 Todonotes source and documentation.
Package: todonotes 2018/11/22

("C:\Users\tizimmer\AppData\Local\Programs\MiKTeX 2.9\tex\latex\xkeyval\xkeyval
.sty"
Package: xkeyval 2014/12/03 v2.7a package option processing (HA)

("C:\Users\tizimmer\AppData\Local\Programs\MiKTeX 2.9\tex\generic\xkeyval\xkeyv
al.tex"
("C:\Users\tizimmer\AppData\Local\Programs\MiKTeX 2.9\tex\generic\xkeyval\xkvut
ils.tex"
\XKV@toks=\toks48
\XKV@tempa@toks=\toks49
)
\XKV@depth=\count185
File: xkeyval.tex 2014/12/03 v2.7a key=value parser (HA)
))
("C:\Users\tizimmer\AppData\Local\Programs\MiKTeX 2.9\tex\latex\pgf\frontendlay
er\tikz.sty"
("C:\Users\tizimmer\AppData\Local\Programs\MiKTeX 2.9\tex\latex\pgf\basiclayer\
pgf.sty"
("C:\Users\tizimmer\AppData\Local\Programs\MiKTeX 2.9\tex\latex\pgf\utilities\p
gfrcs.sty"
("C:\Users\tizimmer\AppData\Local\Programs\MiKTeX 2.9\tex\generic\pgf\utilities
\pgfutil-common.tex"
\pgfutil@everybye=\toks50
\pgfutil@tempdima=\dimen190
\pgfutil@tempdimb=\dimen191

("C:\Users\tizimmer\AppData\Local\Programs\MiKTeX 2.9\tex\generic\pgf\utilities
\pgfutil-common-lists.tex"))
("C:\Users\tizimmer\AppData\Local\Programs\MiKTeX 2.9\tex\generic\pgf\utilities
\pgfutil-latex.def"
\pgfutil@abb=\box35
)
("C:\Users\tizimmer\AppData\Local\Programs\MiKTeX 2.9\tex\generic\pgf\utilities
\pgfrcs.code.tex"
Package: pgfrcs 2015/08/07 v3.0.1a (rcs-revision 1.31)
))
Package: pgf 2015/08/07 v3.0.1a (rcs-revision 1.15)

("C:\Users\tizimmer\AppData\Local\Programs\MiKTeX 2.9\tex\latex\pgf\basiclayer\
pgfcore.sty"
("C:\Users\tizimmer\AppData\Local\Programs\MiKTeX 2.9\tex\latex\pgf\systemlayer
\pgfsys.sty"
("C:\Users\tizimmer\AppData\Local\Programs\MiKTeX 2.9\tex\generic\pgf\systemlay
er\pgfsys.code.tex"
Package: pgfsys 2014/07/09 v3.0.1a (rcs-revision 1.48)

("C:\Users\tizimmer\AppData\Local\Programs\MiKTeX 2.9\tex\generic\pgf\utilities
\pgfkeys.code.tex"
\pgfkeys@pathtoks=\toks51
\pgfkeys@temptoks=\toks52

("C:\Users\tizimmer\AppData\Local\Programs\MiKTeX 2.9\tex\generic\pgf\utilities
\pgfkeysfiltered.code.tex"
\pgfkeys@tmptoks=\toks53
))
\pgf@x=\dimen192
\pgf@y=\dimen193
\pgf@xa=\dimen194
\pgf@ya=\dimen256
\pgf@xb=\dimen257
\pgf@yb=\dimen258
\pgf@xc=\dimen259
\pgf@yc=\dimen260
\w@pgf@writea=\write5
\r@pgf@reada=\read2
\c@pgf@counta=\count186
\c@pgf@countb=\count187
\c@pgf@countc=\count188
\c@pgf@countd=\count189
\t@pgf@toka=\toks54
\t@pgf@tokb=\toks55
\t@pgf@tokc=\toks56

("C:\Users\tizimmer\AppData\Local\Programs\MiKTeX 2.9\tex\generic\pgf\systemlay
er\pgf.cfg"
File: pgf.cfg 2008/05/14  (rcs-revision 1.7)
)
Driver file for pgf: pgfsys-pdftex.def

("C:\Users\tizimmer\AppData\Local\Programs\MiKTeX 2.9\tex\generic\pgf\systemlay
er\pgfsys-pdftex.def"
File: pgfsys-pdftex.def 2014/10/11  (rcs-revision 1.35)

("C:\Users\tizimmer\AppData\Local\Programs\MiKTeX 2.9\tex\generic\pgf\systemlay
er\pgfsys-common-pdf.def"
File: pgfsys-common-pdf.def 2013/10/10  (rcs-revision 1.13)
)))
("C:\Users\tizimmer\AppData\Local\Programs\MiKTeX 2.9\tex\generic\pgf\systemlay
er\pgfsyssoftpath.code.tex"
File: pgfsyssoftpath.code.tex 2013/09/09  (rcs-revision 1.9)
\pgfsyssoftpath@smallbuffer@items=\count190
\pgfsyssoftpath@bigbuffer@items=\count191
)
("C:\Users\tizimmer\AppData\Local\Programs\MiKTeX 2.9\tex\generic\pgf\systemlay
er\pgfsysprotocol.code.tex"
File: pgfsysprotocol.code.tex 2006/10/16  (rcs-revision 1.4)
))
("C:\Users\tizimmer\AppData\Local\Programs\MiKTeX 2.9\tex\generic\pgf\basiclaye
r\pgfcore.code.tex"
Package: pgfcore 2010/04/11 v3.0.1a (rcs-revision 1.7)

("C:\Users\tizimmer\AppData\Local\Programs\MiKTeX 2.9\tex\generic\pgf\math\pgfm
ath.code.tex"
("C:\Users\tizimmer\AppData\Local\Programs\MiKTeX 2.9\tex\generic\pgf\math\pgfm
athcalc.code.tex"
("C:\Users\tizimmer\AppData\Local\Programs\MiKTeX 2.9\tex\generic\pgf\math\pgfm
athutil.code.tex")
("C:\Users\tizimmer\AppData\Local\Programs\MiKTeX 2.9\tex\generic\pgf\math\pgfm
athparser.code.tex"
\pgfmath@dimen=\dimen261
\pgfmath@count=\count192
\pgfmath@box=\box36
\pgfmath@toks=\toks57
\pgfmath@stack@operand=\toks58
\pgfmath@stack@operation=\toks59
)
("C:\Users\tizimmer\AppData\Local\Programs\MiKTeX 2.9\tex\generic\pgf\math\pgfm
athfunctions.code.tex"
("C:\Users\tizimmer\AppData\Local\Programs\MiKTeX 2.9\tex\generic\pgf\math\pgfm
athfunctions.basic.code.tex")
("C:\Users\tizimmer\AppData\Local\Programs\MiKTeX 2.9\tex\generic\pgf\math\pgfm
athfunctions.trigonometric.code.tex")
("C:\Users\tizimmer\AppData\Local\Programs\MiKTeX 2.9\tex\generic\pgf\math\pgfm
athfunctions.random.code.tex")
("C:\Users\tizimmer\AppData\Local\Programs\MiKTeX 2.9\tex\generic\pgf\math\pgfm
athfunctions.comparison.code.tex")
("C:\Users\tizimmer\AppData\Local\Programs\MiKTeX 2.9\tex\generic\pgf\math\pgfm
athfunctions.base.code.tex")
("C:\Users\tizimmer\AppData\Local\Programs\MiKTeX 2.9\tex\generic\pgf\math\pgfm
athfunctions.round.code.tex")
("C:\Users\tizimmer\AppData\Local\Programs\MiKTeX 2.9\tex\generic\pgf\math\pgfm
athfunctions.misc.code.tex")
("C:\Users\tizimmer\AppData\Local\Programs\MiKTeX 2.9\tex\generic\pgf\math\pgfm
athfunctions.integerarithmetics.code.tex")))
("C:\Users\tizimmer\AppData\Local\Programs\MiKTeX 2.9\tex\generic\pgf\math\pgfm
athfloat.code.tex"
\c@pgfmathroundto@lastzeros=\count193
))
("C:\Users\tizimmer\AppData\Local\Programs\MiKTeX 2.9\tex\generic\pgf\basiclaye
r\pgfcorepoints.code.tex"
File: pgfcorepoints.code.tex 2013/10/07  (rcs-revision 1.27)
\pgf@picminx=\dimen262
\pgf@picmaxx=\dimen263
\pgf@picminy=\dimen264
\pgf@picmaxy=\dimen265
\pgf@pathminx=\dimen266
\pgf@pathmaxx=\dimen267
\pgf@pathminy=\dimen268
\pgf@pathmaxy=\dimen269
\pgf@xx=\dimen270
\pgf@xy=\dimen271
\pgf@yx=\dimen272
\pgf@yy=\dimen273
\pgf@zx=\dimen274
\pgf@zy=\dimen275
)
("C:\Users\tizimmer\AppData\Local\Programs\MiKTeX 2.9\tex\generic\pgf\basiclaye
r\pgfcorepathconstruct.code.tex"
File: pgfcorepathconstruct.code.tex 2013/10/07  (rcs-revision 1.29)
\pgf@path@lastx=\dimen276
\pgf@path@lasty=\dimen277
)
("C:\Users\tizimmer\AppData\Local\Programs\MiKTeX 2.9\tex\generic\pgf\basiclaye
r\pgfcorepathusage.code.tex"
File: pgfcorepathusage.code.tex 2014/11/02  (rcs-revision 1.24)
\pgf@shorten@end@additional=\dimen278
\pgf@shorten@start@additional=\dimen279
)
("C:\Users\tizimmer\AppData\Local\Programs\MiKTeX 2.9\tex\generic\pgf\basiclaye
r\pgfcorescopes.code.tex"
File: pgfcorescopes.code.tex 2015/05/08  (rcs-revision 1.46)
\pgfpic=\box37
\pgf@hbox=\box38
\pgf@layerbox@main=\box39
\pgf@picture@serial@count=\count194
)
("C:\Users\tizimmer\AppData\Local\Programs\MiKTeX 2.9\tex\generic\pgf\basiclaye
r\pgfcoregraphicstate.code.tex"
File: pgfcoregraphicstate.code.tex 2014/11/02  (rcs-revision 1.12)
\pgflinewidth=\dimen280
)
("C:\Users\tizimmer\AppData\Local\Programs\MiKTeX 2.9\tex\generic\pgf\basiclaye
r\pgfcoretransformations.code.tex"
File: pgfcoretransformations.code.tex 2015/08/07  (rcs-revision 1.20)
\pgf@pt@x=\dimen281
\pgf@pt@y=\dimen282
\pgf@pt@temp=\dimen283
)
("C:\Users\tizimmer\AppData\Local\Programs\MiKTeX 2.9\tex\generic\pgf\basiclaye
r\pgfcorequick.code.tex"
File: pgfcorequick.code.tex 2008/10/09  (rcs-revision 1.3)
)
("C:\Users\tizimmer\AppData\Local\Programs\MiKTeX 2.9\tex\generic\pgf\basiclaye
r\pgfcoreobjects.code.tex"
File: pgfcoreobjects.code.tex 2006/10/11  (rcs-revision 1.2)
)
("C:\Users\tizimmer\AppData\Local\Programs\MiKTeX 2.9\tex\generic\pgf\basiclaye
r\pgfcorepathprocessing.code.tex"
File: pgfcorepathprocessing.code.tex 2013/09/09  (rcs-revision 1.9)
)
("C:\Users\tizimmer\AppData\Local\Programs\MiKTeX 2.9\tex\generic\pgf\basiclaye
r\pgfcorearrows.code.tex"
File: pgfcorearrows.code.tex 2015/05/14  (rcs-revision 1.43)
\pgfarrowsep=\dimen284
)
("C:\Users\tizimmer\AppData\Local\Programs\MiKTeX 2.9\tex\generic\pgf\basiclaye
r\pgfcoreshade.code.tex"
File: pgfcoreshade.code.tex 2013/07/15  (rcs-revision 1.15)
\pgf@max=\dimen285
\pgf@sys@shading@range@num=\count266
)
("C:\Users\tizimmer\AppData\Local\Programs\MiKTeX 2.9\tex\generic\pgf\basiclaye
r\pgfcoreimage.code.tex"
File: pgfcoreimage.code.tex 2013/07/15  (rcs-revision 1.18)

("C:\Users\tizimmer\AppData\Local\Programs\MiKTeX 2.9\tex\generic\pgf\basiclaye
r\pgfcoreexternal.code.tex"
File: pgfcoreexternal.code.tex 2014/07/09  (rcs-revision 1.21)
\pgfexternal@startupbox=\box40
))
("C:\Users\tizimmer\AppData\Local\Programs\MiKTeX 2.9\tex\generic\pgf\basiclaye
r\pgfcorelayers.code.tex"
File: pgfcorelayers.code.tex 2013/07/18  (rcs-revision 1.7)
)
("C:\Users\tizimmer\AppData\Local\Programs\MiKTeX 2.9\tex\generic\pgf\basiclaye
r\pgfcoretransparency.code.tex"
File: pgfcoretransparency.code.tex 2013/09/30  (rcs-revision 1.5)
)
("C:\Users\tizimmer\AppData\Local\Programs\MiKTeX 2.9\tex\generic\pgf\basiclaye
r\pgfcorepatterns.code.tex"
File: pgfcorepatterns.code.tex 2013/11/07  (rcs-revision 1.5)
)))
("C:\Users\tizimmer\AppData\Local\Programs\MiKTeX 2.9\tex\generic\pgf\modules\p
gfmoduleshapes.code.tex"
File: pgfmoduleshapes.code.tex 2014/03/21  (rcs-revision 1.35)
\pgfnodeparttextbox=\box41
)
("C:\Users\tizimmer\AppData\Local\Programs\MiKTeX 2.9\tex\generic\pgf\modules\p
gfmoduleplot.code.tex"
File: pgfmoduleplot.code.tex 2015/08/03  (rcs-revision 1.13)
)
("C:\Users\tizimmer\AppData\Local\Programs\MiKTeX 2.9\tex\latex\pgf\compatibili
ty\pgfcomp-version-0-65.sty"
Package: pgfcomp-version-0-65 2007/07/03 v3.0.1a (rcs-revision 1.7)
\pgf@nodesepstart=\dimen286
\pgf@nodesepend=\dimen287
)
("C:\Users\tizimmer\AppData\Local\Programs\MiKTeX 2.9\tex\latex\pgf\compatibili
ty\pgfcomp-version-1-18.sty"
Package: pgfcomp-version-1-18 2007/07/23 v3.0.1a (rcs-revision 1.1)
))
("C:\Users\tizimmer\AppData\Local\Programs\MiKTeX 2.9\tex\latex\pgf\utilities\p
gffor.sty"
("C:\Users\tizimmer\AppData\Local\Programs\MiKTeX 2.9\tex\latex\pgf\utilities\p
gfkeys.sty"
("C:\Users\tizimmer\AppData\Local\Programs\MiKTeX 2.9\tex\generic\pgf\utilities
\pgfkeys.code.tex"))
("C:\Users\tizimmer\AppData\Local\Programs\MiKTeX 2.9\tex\latex\pgf\math\pgfmat
h.sty"
("C:\Users\tizimmer\AppData\Local\Programs\MiKTeX 2.9\tex\generic\pgf\math\pgfm
ath.code.tex"))
("C:\Users\tizimmer\AppData\Local\Programs\MiKTeX 2.9\tex\generic\pgf\utilities
\pgffor.code.tex"
Package: pgffor 2013/12/13 v3.0.1a (rcs-revision 1.25)

("C:\Users\tizimmer\AppData\Local\Programs\MiKTeX 2.9\tex\generic\pgf\math\pgfm
ath.code.tex")
\pgffor@iter=\dimen288
\pgffor@skip=\dimen289
\pgffor@stack=\toks60
\pgffor@toks=\toks61
))
("C:\Users\tizimmer\AppData\Local\Programs\MiKTeX 2.9\tex\generic\pgf\frontendl
ayer\tikz\tikz.code.tex"
Package: tikz 2015/08/07 v3.0.1a (rcs-revision 1.151)

("C:\Users\tizimmer\AppData\Local\Programs\MiKTeX 2.9\tex\generic\pgf\libraries
\pgflibraryplothandlers.code.tex"
File: pgflibraryplothandlers.code.tex 2013/08/31 v3.0.1a (rcs-revision 1.20)
\pgf@plot@mark@count=\count267
\pgfplotmarksize=\dimen290
)
\tikz@lastx=\dimen291
\tikz@lasty=\dimen292
\tikz@lastxsaved=\dimen293
\tikz@lastysaved=\dimen294
\tikzleveldistance=\dimen295
\tikzsiblingdistance=\dimen296
\tikz@figbox=\box42
\tikz@figbox@bg=\box43
\tikz@tempbox=\box44
\tikz@tempbox@bg=\box45
\tikztreelevel=\count268
\tikznumberofchildren=\count269
\tikznumberofcurrentchild=\count270
\tikz@fig@count=\count271

("C:\Users\tizimmer\AppData\Local\Programs\MiKTeX 2.9\tex\generic\pgf\modules\p
gfmodulematrix.code.tex"
File: pgfmodulematrix.code.tex 2013/09/17  (rcs-revision 1.8)
\pgfmatrixcurrentrow=\count272
\pgfmatrixcurrentcolumn=\count273
\pgf@matrix@numberofcolumns=\count274
)
\tikz@expandcount=\count275

("C:\Users\tizimmer\AppData\Local\Programs\MiKTeX 2.9\tex\generic\pgf\frontendl
ayer\tikz\libraries\tikzlibrarytopaths.code.tex"
File: tikzlibrarytopaths.code.tex 2008/06/17 v3.0.1a (rcs-revision 1.2)
)))
("C:\Users\tizimmer\AppData\Local\Programs\MiKTeX 2.9\tex\generic\pgf\frontendl
ayer\tikz\libraries\tikzlibrarypositioning.code.tex"
File: tikzlibrarypositioning.code.tex 2008/10/06 v3.0.1a (rcs-revision 1.7)
)
("C:\Users\tizimmer\AppData\Local\Programs\MiKTeX 2.9\tex\generic\pgf\frontendl
ayer\tikz\libraries\tikzlibraryshadows.code.tex"
File: tikzlibraryshadows.code.tex 2008/01/13 v3.0.1a (rcs-revision 1.3)

("C:\Users\tizimmer\AppData\Local\Programs\MiKTeX 2.9\tex\generic\pgf\frontendl
ayer\tikz\libraries\tikzlibraryfadings.code.tex"
File: tikzlibraryfadings.code.tex 2009/11/15 v3.0.1a (rcs-revision 1.2)

("C:\Users\tizimmer\AppData\Local\Programs\MiKTeX 2.9\tex\generic\pgf\libraries
\pgflibraryfadings.code.tex"
File: pgflibraryfadings.code.tex 2008/02/07 v3.0.1a (rcs-revision 1.3)
)))
\c@@todonotes@numberoftodonotes=\count276
)) (tikz-network.sty
Package: tikz-network 

("C:\Users\tizimmer\AppData\Local\Programs\MiKTeX 2.9\tex\latex\etex-pkg\etex.s
ty"
Package: etex 2016/08/01 v2.7 eTeX basic definition package (PEB,DPC)


Package etex Warning: Extended allocation already in use.
(etex)                etex.sty code will not be used.
(etex)                To force etex package to load, add
(etex)                \RequirePackage{etex}
(etex)                at the start of the document.

)
("C:\Users\tizimmer\AppData\Local\Programs\MiKTeX 2.9\tex\latex\xifthen\xifthen
.sty"
Package: xifthen 2015/11/05 v1.4.0 Extended ifthen features
)
("C:\Users\tizimmer\AppData\Local\Programs\MiKTeX 2.9\tex\latex\datatool\datato
ol.sty"
Package: datatool 2018/04/16 v2.30 (NLCT)

("C:\Users\tizimmer\AppData\Local\Programs\MiKTeX 2.9\tex\latex\xfor\xfor.sty"
Package: xfor 2009/02/05 v1.05 (NLCT)
)
("C:\Users\tizimmer\AppData\Local\Programs\MiKTeX 2.9\tex\latex\substr\substr.s
ty"
Package: substr 2009/10/20 v1.2 Handle substrings
\c@su@anzahl=\count277
)
("C:\Users\tizimmer\AppData\Local\Programs\MiKTeX 2.9\tex\latex\etoolbox\etoolb
ox.sty"
Package: etoolbox 2018/08/19 v2.5f e-TeX tools for LaTeX (JAW)
\etb@tempcnta=\count278
)
("C:\Users\tizimmer\AppData\Local\Programs\MiKTeX 2.9\tex\latex\datatool\datato
ol-base.sty"
Package: datatool-base 2018/04/16 v2.30 (NLCT)

("C:\Users\tizimmer\AppData\Local\Programs\MiKTeX 2.9\tex\latex\datatool\datato
ol-fp.sty"
Package: datatool-fp 2018/04/16 v2.30 (NLCT)

("C:\Users\tizimmer\AppData\Local\Programs\MiKTeX 2.9\tex\latex\fp\fp.sty"
Package: fp 1995/04/02

`Fixed Point Package', Version 0.8, April 2, 1995 (C) Michael Mehlich
("C:\Users\tizimmer\AppData\Local\Programs\MiKTeX 2.9\tex\latex\fp\defpattern.s
ty"
Package: defpattern 1994/10/12
\actioncount=\count279
)
("C:\Users\tizimmer\AppData\Local\Programs\MiKTeX 2.9\tex\latex\fp\fp-basic.sty
"
Package: fp-basic 1996/05/13
\FP@xs=\count280
\FP@xia=\count281
\FP@xib=\count282
\FP@xfa=\count283
\FP@xfb=\count284
\FP@rega=\count285
\FP@regb=\count286
\FP@regs=\count287
\FP@times=\count288
)
("C:\Users\tizimmer\AppData\Local\Programs\MiKTeX 2.9\tex\latex\fp\fp-addons.st
y"
Package: fp-addons 1995/03/15
)
("C:\Users\tizimmer\AppData\Local\Programs\MiKTeX 2.9\tex\latex\fp\fp-snap.sty"
Package: fp-snap 1995/04/05
) ("C:\Users\tizimmer\AppData\Local\Programs\MiKTeX 2.9\tex\latex\fp\fp-exp.sty
"
Package: fp-exp 1995/04/03
)
("C:\Users\tizimmer\AppData\Local\Programs\MiKTeX 2.9\tex\latex\fp\fp-trigo.sty
"
Package: fp-trigo 1995/04/14
) ("C:\Users\tizimmer\AppData\Local\Programs\MiKTeX 2.9\tex\latex\fp\fp-pas.sty
"
Package: fp-pas 1994/08/29
)
("C:\Users\tizimmer\AppData\Local\Programs\MiKTeX 2.9\tex\latex\fp\fp-random.st
y"
Package: fp-random 1995/02/23
\FPseed=\count289
)
("C:\Users\tizimmer\AppData\Local\Programs\MiKTeX 2.9\tex\latex\fp\fp-eqn.sty"
Package: fp-eqn 1995/04/03
) ("C:\Users\tizimmer\AppData\Local\Programs\MiKTeX 2.9\tex\latex\fp\fp-upn.sty
"
Package: fp-upn 1996/10/21
) ("C:\Users\tizimmer\AppData\Local\Programs\MiKTeX 2.9\tex\latex\fp\fp-eval.st
y"
Package: fp-eval 1995/04/03
)))
\@dtl@toks=\toks62
\@dtl@tmpcount=\count290
\dtl@tmplength=\skip264
\dtl@sortresult=\count291
\@dtl@numgrpsepcount=\count292
\@dtl@datatype=\count293
\dtl@codeA=\count294
\dtl@codeB=\count295
\@dtl@foreach@level=\count296
)
\dtlcolumnnum=\count297
\dtlrownum=\count298
\@dtl@before=\toks63
\@dtl@after=\toks64
\@dtl@colhead=\toks65
\dtlcurrentrow=\toks66
\dtlbeforerow=\toks67
\dtlafterrow=\toks68
\dtlforeachlevel=\count299
\c@DTLrowi=\count300
\c@DTLrowii=\count301
\c@DTLrowiii=\count302
\c@DTLrow=\count303
\dtl@rowi=\count304
\dtl@rowii=\count305
\dtl@rowiii=\count306
\@dtl@curi=\toks69
\@dtl@previ=\toks70
\@dtl@nexti=\toks71
\@dtl@curii=\toks72
\@dtl@previi=\toks73
\@dtl@nextii=\toks74
\@dtl@curiii=\toks75
\@dtl@previii=\toks76
\@dtl@nextiii=\toks77
\@dtl@elements=\count307
\@dtl@list=\toks78
\@dtl@rowa=\toks79
\@dtl@rowb=\toks80
\@dtl@toksA=\toks81
\@dtl@toksB=\toks82
\@dtl@write=\write6
\@dtl@read=\read3
\dtl@entrycr=\count308
\dtl@omitlines=\count309
)
("C:\Users\tizimmer\AppData\Local\Programs\MiKTeX 2.9\tex\generic\pgf\frontendl
ayer\tikz\libraries\tikzlibraryarrows.code.tex"
File: tikzlibraryarrows.code.tex 2008/01/09 v3.0.1a (rcs-revision 1.1)

("C:\Users\tizimmer\AppData\Local\Programs\MiKTeX 2.9\tex\generic\pgf\libraries
\pgflibraryarrows.code.tex"
File: pgflibraryarrows.code.tex 2013/09/23 v3.0.1a (rcs-revision 1.16)
\arrowsize=\dimen297
))
("C:\Users\tizimmer\AppData\Local\Programs\MiKTeX 2.9\tex\generic\pgf\frontendl
ayer\tikz\libraries\tikzlibrary3d.code.tex"
File: tikzlibrary3d.code.tex 2013/07/17 v3.0.1a (rcs-revision 1.2)
)
("C:\Users\tizimmer\AppData\Local\Programs\MiKTeX 2.9\tex\generic\pgf\frontendl
ayer\tikz\libraries\tikzlibraryfit.code.tex"
File: tikzlibraryfit.code.tex 2013/07/12 v3.0.1a (rcs-revision 1.5)
)
("C:\Users\tizimmer\AppData\Local\Programs\MiKTeX 2.9\tex\generic\pgf\frontendl
ayer\tikz\libraries\tikzlibrarycalc.code.tex"
File: tikzlibrarycalc.code.tex 2013/07/15 v3.0.1a (rcs-revision 1.9)
)
("C:\Users\tizimmer\AppData\Local\Programs\MiKTeX 2.9\tex\generic\pgf\frontendl
ayer\tikz\libraries\tikzlibrarybackgrounds.code.tex"
File: tikzlibrarybackgrounds.code.tex 2013/07/18 v3.0.1a (rcs-revision 1.3)
\pgf@layerbox@background=\box46
\pgf@layerboxsaved@background=\box47
)
("C:\Users\tizimmer\AppData\Local\Programs\MiKTeX 2.9\tex\generic\pgf\libraries
\pgflibraryarrows.meta.code.tex"
File: pgflibraryarrows.meta.code.tex 2015/05/13 v3.0.1a (rcs-revision 1.13)
\pgfarrowinset=\dimen298
\pgfarrowlength=\dimen299
\pgfarrowwidth=\dimen300
\pgfarrowlinewidth=\dimen301
)
("C:\Users\tizimmer\AppData\Local\Programs\MiKTeX 2.9\tex\generic\pgf\frontendl
ayer\tikz\libraries\tikzlibraryshapes.geometric.code.tex"
File: tikzlibraryshapes.geometric.code.tex 2008/01/09 v3.0.1a (rcs-revision 1.1
)

("C:\Users\tizimmer\AppData\Local\Programs\MiKTeX 2.9\tex\generic\pgf\libraries
\shapes\pgflibraryshapes.geometric.code.tex"
File: pgflibraryshapes.geometric.code.tex 2008/06/26 v3.0.1a (rcs-revision 1.1)

))
\c@LayerCounter=\count310
)
("C:\Users\tizimmer\AppData\Local\Programs\MiKTeX 2.9\tex\generic\pgf\frontendl
ayer\tikz\libraries\tikzlibrarypatterns.code.tex"
File: tikzlibrarypatterns.code.tex 2008/01/15 v3.0.1a (rcs-revision 1.2)

("C:\Users\tizimmer\AppData\Local\Programs\MiKTeX 2.9\tex\generic\pgf\libraries
\pgflibrarypatterns.code.tex"
File: pgflibrarypatterns.code.tex 2008/03/03 v3.0.1a (rcs-revision 1.13)
))
("C:\Users\tizimmer\AppData\Local\Programs\MiKTeX 2.9\tex\generic\pgf\frontendl
ayer\tikz\libraries\tikzlibrarymatrix.code.tex"
File: tikzlibrarymatrix.code.tex 2013/07/12 v3.0.1a (rcs-revision 1.4)
)
("C:\Users\tizimmer\AppData\Local\Programs\MiKTeX 2.9\tex\generic\pgf\frontendl
ayer\tikz\libraries\tikzlibrarydecorations.pathreplacing.code.tex"
("C:\Users\tizimmer\AppData\Local\Programs\MiKTeX 2.9\tex\generic\pgf\frontendl
ayer\tikz\libraries\tikzlibrarydecorations.code.tex"
("C:\Users\tizimmer\AppData\Local\Programs\MiKTeX 2.9\tex\generic\pgf\modules\p
gfmoduledecorations.code.tex"
\pgfdecoratedcompleteddistance=\dimen302
\pgfdecoratedremainingdistance=\dimen303
\pgfdecoratedinputsegmentcompleteddistance=\dimen304
\pgfdecoratedinputsegmentremainingdistance=\dimen305
\pgf@decorate@distancetomove=\dimen306
\pgf@decorate@repeatstate=\count311
\pgfdecorationsegmentamplitude=\dimen307
\pgfdecorationsegmentlength=\dimen308
)
\tikz@lib@dec@box=\box48
)
("C:\Users\tizimmer\AppData\Local\Programs\MiKTeX 2.9\tex\generic\pgf\libraries
\decorations\pgflibrarydecorations.pathreplacing.code.tex"))
("C:\Users\tizimmer\AppData\Local\Programs\MiKTeX 2.9\tex\latex\wrapfig\wrapfig
.sty"
\wrapoverhang=\dimen309
\WF@size=\dimen310
\c@WF@wrappedlines=\count312
\WF@box=\box49
\WF@everypar=\toks83
Package: wrapfig 2003/01/31  v 3.6
)
("C:\Users\tizimmer\AppData\Local\Programs\MiKTeX 2.9\tex\latex\tools\multicol.
sty"
Package: multicol 2018/04/20 v1.8s multicolumn formatting (FMi)
\c@tracingmulticols=\count313
\mult@box=\box50
\multicol@leftmargin=\dimen311
\c@unbalance=\count314
\c@collectmore=\count315
\doublecol@number=\count316
\multicoltolerance=\count317
\multicolpretolerance=\count318
\full@width=\dimen312
\page@free=\dimen313
\premulticols=\dimen314
\postmulticols=\dimen315
\multicolsep=\skip265
\multicolbaselineskip=\skip266
\partial@page=\box51
\last@line=\box52
\maxbalancingoverflow=\dimen316
\mult@rightbox=\box53
\mult@grightbox=\box54
\mult@gfirstbox=\box55
\mult@firstbox=\box56
\@tempa=\box57
\@tempa=\box58
\@tempa=\box59
\@tempa=\box60
\@tempa=\box61
\@tempa=\box62
\@tempa=\box63
\@tempa=\box64
\@tempa=\box65
\@tempa=\box66
\@tempa=\box67
\@tempa=\box68
\@tempa=\box69
\@tempa=\box70
\@tempa=\box71
\@tempa=\box72
\@tempa=\box73
\c@columnbadness=\count319
\c@finalcolumnbadness=\count320
\last@try=\dimen317
\multicolovershoot=\dimen318
\multicolundershoot=\dimen319
\mult@nat@firstbox=\box74
\colbreak@box=\box75
\mc@col@check@num=\count321
)
("C:\Users\tizimmer\AppData\Local\Programs\MiKTeX 2.9\tex\latex\oberdiek\pdflsc
ape.sty"
Package: pdflscape 2016/05/14 v0.11 Display of landscape pages in PDF (HO)

("C:\Users\tizimmer\AppData\Local\Programs\MiKTeX 2.9\tex\latex\graphics\lscape
.sty"
Package: lscape 2000/10/22 v3.01 Landscape Pages (DPC)
)
Package pdflscape Info: Auto-detected driver: pdftex on input line 81.
)
("C:\Users\tizimmer\AppData\Local\Programs\MiKTeX 2.9\tex\latex\multirow\multir
ow.sty"
Package: multirow 2018/08/03 v2.3 Span multiple rows of a table
\multirow@colwidth=\skip267
\multirow@cntb=\count322
\multirow@dima=\skip268
\bigstrutjot=\dimen320
)
("C:\Users\tizimmer\AppData\Local\Programs\MiKTeX 2.9\tex\latex\enumitem\enumit
em.sty"
Package: enumitem 2019/02/04 v3.8 Customized lists
\labelindent=\skip269
\enit@outerparindent=\dimen321
\enit@toks=\toks84
\enit@inbox=\box76
\enit@count@id=\count323
\enitdp@description=\count324
)
\c@theo=\count325
\c@defi=\count326
\c@assu=\count327
\c@prop=\count328
\c@remark=\count329
\c@note=\count330
\c@cor=\count331
\c@ques=\count332
\c@lem=\count333
 (C:\Users\tizimmer\Documents\masters-thesis\build\thesis.aux

LaTeX Warning: Label `eq:max_agg' multiply defined.


LaTeX Warning: Label `eq:max_agg@cref' multiply defined.


LaTeX Warning: Label `eq:max_agg' multiply defined.


LaTeX Warning: Label `eq:max_agg@cref' multiply defined.

)
\openout1 = `thesis.aux'.

LaTeX Font Info:    Checking defaults for OML/cmm/m/it on input line 40.
LaTeX Font Info:    ... okay on input line 40.
LaTeX Font Info:    Checking defaults for T1/cmr/m/n on input line 40.
LaTeX Font Info:    ... okay on input line 40.
LaTeX Font Info:    Checking defaults for OT1/cmr/m/n on input line 40.
LaTeX Font Info:    ... okay on input line 40.
LaTeX Font Info:    Checking defaults for OMS/cmsy/m/n on input line 40.
LaTeX Font Info:    ... okay on input line 40.
LaTeX Font Info:    Checking defaults for OMX/cmex/m/n on input line 40.
LaTeX Font Info:    ... okay on input line 40.
LaTeX Font Info:    Checking defaults for U/cmr/m/n on input line 40.
LaTeX Font Info:    ... okay on input line 40.
LaTeX Font Info:    Checking defaults for PD1/pdf/m/n on input line 40.
LaTeX Font Info:    ... okay on input line 40.
LaTeX Font Info:    Checking defaults for PU/pdf/m/n on input line 40.
LaTeX Font Info:    ... okay on input line 40.

("C:\Users\tizimmer\AppData\Local\Programs\MiKTeX 2.9\tex\context\base\supp-pdf
.mkii"
[Loading MPS to PDF converter (version 2006.09.02).]
\scratchcounter=\count334
\scratchdimen=\dimen322
\scratchbox=\box77
\nofMPsegments=\count335
\nofMParguments=\count336
\everyMPshowfont=\toks85
\MPscratchCnt=\count337
\MPscratchDim=\dimen323
\MPnumerator=\count338
\makeMPintoPDFobject=\count339
\everyMPtoPDFconversion=\toks86
)
("C:\Users\tizimmer\AppData\Local\Programs\MiKTeX 2.9\tex\latex\oberdiek\epstop
df-base.sty"
Package: epstopdf-base 2016/05/15 v2.6 Base part for package epstopdf

("C:\Users\tizimmer\AppData\Local\Programs\MiKTeX 2.9\tex\latex\oberdiek\grfext
.sty"
Package: grfext 2016/05/16 v1.2 Manage graphics extensions (HO)
)
Package epstopdf-base Info: Redefining graphics rule for `.eps' on input line 4
38.
Package grfext Info: Graphics extension search list:
(grfext)             [.pdf,.png,.jpg,.mps,.jpeg,.jbig2,.jb2,.PDF,.PNG,.JPG,.JPE
G,.JBIG2,.JB2,.eps]
(grfext)             \AppendGraphicsExtensions on input line 456.
)
Package caption Info: Begin \AtBeginDocument code.
Package caption Info: float package is loaded.
Package caption Info: hyperref package is loaded.
Package caption Info: wrapfig package is loaded.
Package caption Info: End \AtBeginDocument code.
\AtBeginShipoutBox=\box78
 ABD: EveryShipout initializing macros
Package hyperref Info: Link coloring ON on input line 40.

("C:\Users\tizimmer\AppData\Local\Programs\MiKTeX 2.9\tex\latex\hyperref\namere
f.sty"
Package: nameref 2016/05/21 v2.44 Cross-referencing by name of section

("C:\Users\tizimmer\AppData\Local\Programs\MiKTeX 2.9\tex\generic\oberdiek\gett
itlestring.sty"
Package: gettitlestring 2016/05/16 v1.5 Cleanup title references (HO)
)
\c@section@level=\count340
)
Redoing nameref's sectioning
Redoing nameref's label
LaTeX Info: Redefining \nameref on input line 40.
LaTeX Info: Redefining \ref on input line 40.
LaTeX Info: Redefining \pageref on input line 40.
LaTeX Info: Redefining \nameref on input line 40.
(C:\Users\tizimmer\Documents\masters-thesis\build\thesis.out)
(C:\Users\tizimmer\Documents\masters-thesis\build\thesis.out)
\@outlinefile=\write7
\openout7 = `thesis.out'.

LaTeX Font Info:    Try loading font information for OT1+pcr on input line 46.

("C:\Users\tizimmer\AppData\Local\Programs\MiKTeX 2.9\tex\latex\psnfss\ot1pcr.f
d"
File: ot1pcr.fd 2001/06/04 font definitions for OT1/pcr.
)
LaTeX Font Info:    Try loading font information for U+msa on input line 46.

("C:\Users\tizimmer\AppData\Local\Programs\MiKTeX 2.9\tex\latex\amsfonts\umsa.f
d"
File: umsa.fd 2013/01/14 v3.01 AMS symbols A
)
LaTeX Font Info:    Try loading font information for U+msb on input line 46.

("C:\Users\tizimmer\AppData\Local\Programs\MiKTeX 2.9\tex\latex\amsfonts\umsb.f
d"
File: umsb.fd 2013/01/14 v3.01 AMS symbols B
)

pdfTeX warning: pdflatex.exe (file ./figures/logos/epfl_logo-eps-converted-to.p
df): PDF inclusion: found PDF version <1.7>, but at most version <1.5> allowed


pdfTeX warning: pdflatex.exe (file ./figures/logos/oracle_logo-eps-converted-to
.pdf): PDF inclusion: found PDF version <1.7>, but at most version <1.5> allowe
d
Package epstopdf Info: Source file: <figures/logos/epfl_logo.eps>
(epstopdf)                    date: 2019-03-12 14:17:37
(epstopdf)                    size: 19371 bytes
(epstopdf)             Output file: <figures/logos/epfl_logo-eps-converted-to.p
df>
(epstopdf)                    date: 2019-03-12 14:17:37
(epstopdf)                    size: 2878 bytes
(epstopdf)             Command: <epstopdf --outfile=figures/logos/epfl_logo-eps
-converted-to.pdf figures/logos/epfl_logo.eps>
(epstopdf)             \includegraphics on input line 46.
Package epstopdf Info: Output file is already uptodate.
File: figures/logos/epfl_logo-eps-converted-to.pdf Graphic file (type pdf)
<use figures/logos/epfl_logo-eps-converted-to.pdf>
Package pdftex.def Info: figures/logos/epfl_logo-eps-converted-to.pdf  used on 
input line 46.
(pdftex.def)             Requested size: 194.727pt x 194.727pt.
Package epstopdf Info: Source file: <figures/logos/oracle_logo.eps>
(epstopdf)                    date: 2019-03-12 14:17:37
(epstopdf)                    size: 22162 bytes
(epstopdf)             Output file: <figures/logos/oracle_logo-eps-converted-to
.pdf>
(epstopdf)                    date: 2019-03-12 14:17:37
(epstopdf)                    size: 3483 bytes
(epstopdf)             Command: <epstopdf --outfile=figures/logos/oracle_logo-e
ps-converted-to.pdf figures/logos/oracle_logo.eps>
(epstopdf)             \includegraphics on input line 46.
Package epstopdf Info: Output file is already uptodate.
File: figures/logos/oracle_logo-eps-converted-to.pdf Graphic file (type pdf)
<use figures/logos/oracle_logo-eps-converted-to.pdf>
Package pdftex.def Info: figures/logos/oracle_logo-eps-converted-to.pdf  used o
n input line 46.
(pdftex.def)             Requested size: 193.72327pt x 193.72327pt.
[1



{C:/Users/tizimmer/AppData/Local/MiKTeX/2.9/pdftex/config/pdftex.map} <./figure
s/logos/epfl_logo-eps-converted-to.pdf> <./figures/logos/oracle_logo-eps-conver
ted-to.pdf>] (front/acknowledgment.tex
LaTeX Font Info:    Try loading font information for OT1+phv on input line 1.

("C:\Users\tizimmer\AppData\Local\Programs\MiKTeX 2.9\tex\latex\psnfss\ot1phv.f
d"
File: ot1phv.fd 2001/06/04 scalable font definitions for OT1/phv.
)
LaTeX Font Info:    Font shape `OT1/phv/bx/n' in size <10> not available
(Font)              Font shape `OT1/phv/b/n' tried instead on input line 1.
LaTeX Font Info:    Font shape `OT1/phv/bx/n' in size <17.28> not available
(Font)              Font shape `OT1/phv/b/n' tried instead on input line 1.
) (front/abstract.tex [2

]) [3

]
(C:\Users\tizimmer\Documents\masters-thesis\build\thesis.toc) [4

]
(chapters/introduction.tex
LaTeX Font Info:    Try loading font information for T1+phv on input line 1.

("C:\Users\tizimmer\AppData\Local\Programs\MiKTeX 2.9\tex\latex\psnfss\t1phv.fd
"
File: t1phv.fd 2001/06/04 scalable font definitions for T1/phv.
)
Underfull \hbox (badness 10000) in paragraph at lines 7--8

 []


Underfull \hbox (badness 10000) in paragraph at lines 13--14

 []


Underfull \hbox (badness 10000) in paragraph at lines 15--16

 []

[1


]
LaTeX Font Info:    Try loading font information for OMS+cmr on input line 27.

("C:\Users\tizimmer\AppData\Local\Programs\MiKTeX 2.9\tex\latex\base\omscmr.fd"
File: omscmr.fd 2014/09/29 v2.5h Standard LaTeX font definitions
)
LaTeX Font Info:    Font shape `OMS/cmr/m/n' in size <10> not available
(Font)              Font shape `OMS/cmsy/m/n' tried instead on input line 27.
) (chapters/background.tex [2]
Underfull \hbox (badness 10000) in paragraph at lines 3--4

 []


Underfull \hbox (badness 10000) in paragraph at lines 9--10

 []

<figures/kg-example.png, id=271, 803.0pt x 567.11874pt>
File: figures/kg-example.png Graphic file (type png)
<use figures/kg-example.png>
Package pdftex.def Info: figures/kg-example.png  used on input line 13.
(pdftex.def)             Requested size: 245.70082pt x 173.52911pt.

Underfull \hbox (badness 1917) in paragraph at lines 19--20
\OT1/cmr/m/n/10 (e.g. bor-ders, is lo-cated in, ...)
 []


Underfull \hbox (badness 2846) in paragraph at lines 19--20
\OT1/cmr/m/n/10 come from a dif-fer-ent source (e.g.
 []


Underfull \hbox (badness 2012) in paragraph at lines 19--20
\OT1/cmr/m/n/10 Open-StreeMap) of in-for-ma-tion than
 []


Underfull \hbox (badness 2547) in paragraph at lines 19--20
\OT1/cmr/m/n/10 en-hanced graph com-bin-ing in-for-ma-
 []


Underfull \hbox (badness 3354) in paragraph at lines 19--20
\OT1/cmr/m/n/10 tion, two en-ti-ties might be closer
 []


Underfull \hbox (badness 3058) in paragraph at lines 19--20
\OT1/cmr/m/n/10 to each other (in terms of graph
 []


Underfull \hbox (badness 10000) in paragraph at lines 19--20

 []


Underfull \hbox (badness 1087) in paragraph at lines 21--22
\OT1/cmr/m/n/10 ployed down-stream could po-ten-tially
 []


Underfull \hbox (badness 10000) in paragraph at lines 21--22

 []


Underfull \hbox (badness 10000) in paragraph at lines 23--24

 []

[3

 <./figures/kg-example.png>] [4]
<figures/kg-online-shop.pdf, id=298, 1270.7475pt x 599.35919pt>
File: figures/kg-online-shop.pdf Graphic file (type pdf)
<use figures/kg-online-shop.pdf>
Package pdftex.def Info: figures/kg-online-shop.pdf  used on input line 78.
(pdftex.def)             Requested size: 341.25pt x 160.95117pt.

Underfull \hbox (badness 10000) in paragraph at lines 87--88

 []


Underfull \hbox (badness 10000) in paragraph at lines 89--90

 []

[5 <./figures/kg-online-shop.pdf>]
Underfull \hbox (badness 10000) in paragraph at lines 113--114

 []


Underfull \hbox (badness 10000) in paragraph at lines 115--116

 []


Underfull \hbox (badness 10000) in paragraph at lines 117--118

 []

<figures/rnn-cells.png, id=339, 871.00406pt x 312.41719pt>
File: figures/rnn-cells.png Graphic file (type png)
<use figures/rnn-cells.png>
Package pdftex.def Info: figures/rnn-cells.png  used on input line 121.
(pdftex.def)             Requested size: 273.00278pt x 97.92091pt.

Underfull \hbox (badness 10000) in paragraph at lines 156--157

 []

[6 <./figures/rnn-cells.png>]
Underfull \hbox (badness 10000) in paragraph at lines 158--159

 []


Underfull \hbox (badness 10000) in paragraph at lines 164--165

 []


Underfull \hbox (badness 10000) in paragraph at lines 166--167

 []

) (chapters/dataset.tex [7]
Underfull \hbox (badness 10000) in paragraph at lines 3--4

 []


Underfull \hbox (badness 10000) in paragraph at lines 5--6

 []


Underfull \hbox (badness 10000) in paragraph at lines 11--12

 []


Underfull \hbox (badness 10000) in paragraph at lines 13--14

 []


Underfull \hbox (badness 10000) in paragraph at lines 15--16

 []

[8

]
Underfull \hbox (badness 1348) in paragraph at lines 28--29
[]|\OT1/cmr/m/n/10 Tuberculosis of lung, in-fil-tra-tive, tu-ber-cle
 []


Underfull \hbox (badness 10000) in paragraph at lines 34--35

 []

[9]
Underfull \hbox (badness 2359) in paragraph at lines 84--84
[]|\OT1/cmr/m/n/10 Value mea-sured for the spe-cific mea-sure
 []


Underfull \hbox (badness 7814) in paragraph at lines 85--85
[]|\OT1/cmr/m/n/10 Unit of mea-sure-ment for the mea-sure
 []

[10]
Underfull \hbox (badness 1960) in paragraph at lines 145--145
[]|\OT1/cmr/m/n/10 Value mea-sured for the fluid
 []


Underfull \hbox (badness 10000) in paragraph at lines 173--174

 []


Underfull \hbox (badness 10000) in paragraph at lines 175--176

 []

[11]
Underfull \hbox (badness 10000) in paragraph at lines 182--183

 []


Underfull \hbox (badness 10000) in paragraph at lines 193--194

 []


Underfull \hbox (badness 10000) in paragraph at lines 199--200

 []


Underfull \hbox (badness 10000) in paragraph at lines 205--206

 []

[12]
Underfull \hbox (badness 10000) in paragraph at lines 207--208

 []


Underfull \hbox (badness 10000) in paragraph at lines 209--210

 []

[13]
Underfull \hbox (badness 10000) in paragraph at lines 216--217

 []


Underfull \hbox (badness 10000) in paragraph at lines 218--219

 []


Underfull \hbox (badness 10000) in paragraph at lines 220--221

 []


Underfull \hbox (badness 10000) in paragraph at lines 234--235

 []

[14]
Underfull \hbox (badness 10000) in paragraph at lines 240--241

 []

File: figures/adm-before.pdf Graphic file (type pdf)
<use figures/adm-before.pdf>
Package pdftex.def Info: figures/adm-before.pdf  used on input line 248.
(pdftex.def)             Requested size: 443.0pt x 140.46468pt.
File: figures/adm-after-1.pdf Graphic file (type pdf)
<use figures/adm-after-1.pdf>
Package pdftex.def Info: figures/adm-after-1.pdf  used on input line 248.
(pdftex.def)             Requested size: 443.0pt x 145.73022pt.
File: figures/adm-after-2.pdf Graphic file (type pdf)
<use figures/adm-after-2.pdf>
Package pdftex.def Info: figures/adm-after-2.pdf  used on input line 248.
(pdftex.def)             Requested size: 443.0pt x 145.73022pt.
[15 <./figures/adm-before.pdf> <./figures/adm-after-1.pdf> <./figures/adm-after
-2.pdf>]
Underfull \hbox (badness 10000) in paragraph at lines 373--374

 []

[16]
File: figures/adm-icd9.pdf Graphic file (type pdf)
<use figures/adm-icd9.pdf>
Package pdftex.def Info: figures/adm-icd9.pdf  used on input line 384.
(pdftex.def)             Requested size: 215.5pt x 175.49512pt.
File: figures/icd9-top50.pdf Graphic file (type pdf)
<use figures/icd9-top50.pdf>
Package pdftex.def Info: figures/icd9-top50.pdf  used on input line 384.
(pdftex.def)             Requested size: 215.5pt x 172.98166pt.
File: figures/cdf.pdf Graphic file (type pdf)
<use figures/cdf.pdf>
Package pdftex.def Info: figures/cdf.pdf  used on input line 384.
(pdftex.def)             Requested size: 215.5pt x 179.40979pt.
File: figures/cdf-200.pdf Graphic file (type pdf)
<use figures/cdf-200.pdf>
Package pdftex.def Info: figures/cdf-200.pdf  used on input line 384.
(pdftex.def)             Requested size: 215.5pt x 179.40979pt.
) (chapters/baseline.tex [17 <./figures/adm-icd9.pdf> <./figures/icd9-top50.pdf


pdfTeX warning: pdflatex.exe (file ./figures/icd9-top50.pdf): PDF inclusion: mu
ltiple pdfs with page group included in a single page
> <./figures/cdf.pdf

pdfTeX warning: pdflatex.exe (file ./figures/cdf.pdf): PDF inclusion: multiple 
pdfs with page group included in a single page
> <./figures/cdf-200.pdf

pdfTeX warning: pdflatex.exe (file ./figures/cdf-200.pdf): PDF inclusion: multi
ple pdfs with page group included in a single page
>]
Underfull \hbox (badness 10000) in paragraph at lines 3--4

 []


Underfull \hbox (badness 10000) in paragraph at lines 8--9

 []


Underfull \hbox (badness 10000) in paragraph at lines 10--11

 []

<figures/single-adm-graph.pdf, id=704, 800.9925pt x 621.28107pt>
File: figures/single-adm-graph.pdf Graphic file (type pdf)
<use figures/single-adm-graph.pdf>
Package pdftex.def Info: figures/single-adm-graph.pdf  used on input line 14.
(pdftex.def)             Requested size: 182.00069pt x 141.16628pt.

Underfull \hbox (badness 1184) in paragraph at lines 20--21
[][]\OT1/cmr/m/n/10 Such a graph can be rep-re-sented in a com-
 []


Underfull \hbox (badness 1968) in paragraph at lines 20--21
\OT1/cmr/m/n/10 mis-sion has a set of di-ag-noses at dis-charge
 []


Underfull \hbox (badness 1496) in paragraph at lines 20--21
\OT1/cmr/m/n/10 and we are look-ing for an ar-chi-tec-ture that
 []


Underfull \hbox (badness 10000) in paragraph at lines 20--21

 []


Underfull \hbox (badness 10000) in paragraph at lines 22--23

 []

[18

 <./figures/single-adm-graph.pdf>]
Underfull \hbox (badness 10000) in paragraph at lines 25--26

 []


Underfull \hbox (badness 10000) in paragraph at lines 33--34

 []


Underfull \hbox (badness 10000) in paragraph at lines 41--42

 []


Underfull \hbox (badness 10000) in paragraph at lines 43--44

 []


Underfull \hbox (badness 10000) in paragraph at lines 57--58

 []

[19]
Underfull \hbox (badness 10000) in paragraph at lines 83--84

 []


Underfull \hbox (badness 10000) in paragraph at lines 85--86

 []

<figures/agg-example.pdf, id=736, 423.5825pt x 440.64626pt>
File: figures/agg-example.pdf Graphic file (type pdf)
<use figures/agg-example.pdf>
Package pdftex.def Info: figures/agg-example.pdf  used on input line 91.
(pdftex.def)             Requested size: 159.25278pt x 165.66553pt.
[20 <./figures/agg-example.pdf

pdfTeX warning: pdflatex.exe (file ./figures/agg-example.pdf): PDF inclusion: i
nvalid other resource which is no dict (key 'ProcSets', type <array>); ignored.

>]
Underfull \hbox (badness 10000) in paragraph at lines 99--100

 []

<figures/encoder-general.pdf, id=781, 2898.83pt x 902.37125pt>
File: figures/encoder-general.pdf Graphic file (type pdf)
<use figures/encoder-general.pdf>
Package pdftex.def Info: figures/encoder-general.pdf  used on input line 103.
(pdftex.def)             Requested size: 718.0pt x 223.49936pt.
[21

 <./figures/encoder-general.pdf

pdfTeX warning: pdflatex.exe (file ./figures/encoder-general.pdf): PDF inclusio
n: invalid other resource which is no dict (key 'ProcSets', type <array>); igno
red.
>]
<figures/encoder-healthcare.pdf, id=844, 2903.80856pt x 1058.99632pt>
File: figures/encoder-healthcare.pdf Graphic file (type pdf)
<use figures/encoder-healthcare.pdf>
Package pdftex.def Info: figures/encoder-healthcare.pdf  used on input line 112
.
(pdftex.def)             Requested size: 718.0pt x 261.83981pt.
 [22


 <./figures/encoder-healthcare.pdf>]) (chapters/kg_rnn.tex
Underfull \hbox (badness 10000) in paragraph at lines 3--4

 []


Underfull \hbox (badness 10000) in paragraph at lines 8--9

 []


Underfull \hbox (badness 10000) in paragraph at lines 10--11

 []


Underfull \hbox (badness 10000) in paragraph at lines 15--16

 []


Underfull \hbox (badness 10000) in paragraph at lines 17--18

 []

[23


]
Underfull \hbox (badness 10000) in paragraph at lines 19--20

 []


Underfull \hbox (badness 10000) in paragraph at lines 21--22

 []


Underfull \hbox (badness 10000) in paragraph at lines 23--24

 []

<figures/kg-healthcare.pdf, id=921, 1319.89107pt x 517.935pt>
File: figures/kg-healthcare.pdf Graphic file (type pdf)
<use figures/kg-healthcare.pdf>
Package pdftex.def Info: figures/kg-healthcare.pdf  used on input line 27.
(pdftex.def)             Requested size: 409.49722pt x 160.68463pt.
[24 <./figures/kg-healthcare.pdf>]
Underfull \hbox (badness 10000) in paragraph at lines 36--37

 []


Underfull \hbox (badness 10000) in paragraph at lines 38--39

 []


Underfull \hbox (badness 10000) in paragraph at lines 40--41

 []


Underfull \hbox (badness 10000) in paragraph at lines 42--43

 []


Underfull \hbox (badness 10000) in paragraph at lines 44--45

 []

<figures/kg-healthcare-extraction.pdf, id=953, 1261.71375pt x 484.81125pt>
File: figures/kg-healthcare-extraction.pdf Graphic file (type pdf)
<use figures/kg-healthcare-extraction.pdf>
Package pdftex.def Info: figures/kg-healthcare-extraction.pdf  used on input li
ne 50.
(pdftex.def)             Requested size: 409.49722pt x 157.34724pt.
[25 <./figures/kg-healthcare-extraction.pdf

pdfTeX warning: pdflatex.exe (file ./figures/kg-healthcare-extraction.pdf): PDF
 inclusion: invalid other resource which is no dict (key 'ProcSets', type <arra
y>); ignored.
>]
Underfull \hbox (badness 10000) in paragraph at lines 57--58

 []


Underfull \hbox (badness 10000) in paragraph at lines 59--60

 []


Underfull \hbox (badness 10000) in paragraph at lines 61--62

 []


Underfull \hbox (badness 10000) in paragraph at lines 63--64

 []

[26]
<figures/kg-rnn-general.pdf, id=997, 1341.09026pt x 921.4425pt>
File: figures/kg-rnn-general.pdf Graphic file (type pdf)
<use figures/kg-rnn-general.pdf>
Package pdftex.def Info: figures/kg-rnn-general.pdf  used on input line 73.
(pdftex.def)             Requested size: 318.49861pt x 218.83081pt.
<figures/kg-rnn-healthcare.pdf, id=998, 1117.29419pt x 837.1275pt>
File: figures/kg-rnn-healthcare.pdf Graphic file (type pdf)
<use figures/kg-rnn-healthcare.pdf>
Package pdftex.def Info: figures/kg-rnn-healthcare.pdf  used on input line 82.
(pdftex.def)             Requested size: 273.00278pt x 204.54237pt.
) (chapters/experiments.tex [27 <./figures/kg-rnn-general.pdf> <./figures/kg-rn
n-healthcare.pdf>]
Underfull \hbox (badness 10000) in paragraph at lines 3--4

 []


Underfull \hbox (badness 10000) in paragraph at lines 9--10

 []


Underfull \hbox (badness 10000) in paragraph at lines 11--12

 []

[28

]
Underfull \hbox (badness 10000) in paragraph at lines 46--47

 []


Underfull \hbox (badness 10000) in paragraph at lines 48--49

 []


Underfull \hbox (badness 10000) in paragraph at lines 50--51

 []

[29]
Underfull \hbox (badness 10000) in paragraph at lines 65--66

 []


Underfull \hbox (badness 10000) in paragraph at lines 69--70

 []


Underfull \hbox (badness 10000) in paragraph at lines 71--72

 []

[30]
Underfull \hbox (badness 10000) in paragraph at lines 105--106

 []

[31]
Underfull \hbox (badness 10000) in paragraph at lines 153--154

 []


Underfull \hbox (badness 10000) in paragraph at lines 155--156

 []


Underfull \hbox (badness 10000) in paragraph at lines 159--160

 []


Underfull \hbox (badness 10000) in paragraph at lines 161--162

 []

[32]
Underfull \hbox (badness 10000) in paragraph at lines 183--184

 []

[33]
<figures/exp-hours.pdf, id=1119, 1445.4pt x 1084.05pt>
File: figures/exp-hours.pdf Graphic file (type pdf)
<use figures/exp-hours.pdf>
Package pdftex.def Info: figures/exp-hours.pdf  used on input line 193.
(pdftex.def)             Requested size: 455.0pt x 341.24599pt.
 [34 <./figures/exp-hours.pdf>]
<figures/exp-chunks.pdf, id=1175, 1445.4pt x 1084.05pt>
File: figures/exp-chunks.pdf Graphic file (type pdf)
<use figures/exp-chunks.pdf>
Package pdftex.def Info: figures/exp-chunks.pdf  used on input line 204.
(pdftex.def)             Requested size: 455.0pt x 341.24599pt.

Underfull \hbox (badness 10000) in paragraph at lines 207--208

 []

[35 <./figures/exp-chunks.pdf>]
<figures/exp-events.pdf, id=1231, 1445.4pt x 1084.05pt>
File: figures/exp-events.pdf Graphic file (type pdf)
<use figures/exp-events.pdf>
Package pdftex.def Info: figures/exp-events.pdf  used on input line 217.
(pdftex.def)             Requested size: 455.0pt x 341.24599pt.
 [36 <./figures/exp-events.pdf>]
<figures/exp-neighbors.pdf, id=1289, 1445.4pt x 1084.05pt>
File: figures/exp-neighbors.pdf Graphic file (type pdf)
<use figures/exp-neighbors.pdf>
Package pdftex.def Info: figures/exp-neighbors.pdf  used on input line 227.
(pdftex.def)             Requested size: 455.0pt x 341.24599pt.

Underfull \hbox (badness 10000) in paragraph at lines 230--231

 []

[37 <./figures/exp-neighbors.pdf>]
Underfull \hbox (badness 10000) in paragraph at lines 237--238

 []


Underfull \hbox (badness 10000) in paragraph at lines 239--240

 []

File: figures/roc-curves.pdf Graphic file (type pdf)
<use figures/roc-curves.pdf>
Package pdftex.def Info: figures/roc-curves.pdf  used on input line 248.
(pdftex.def)             Requested size: 215.5pt x 223.38474pt.
File: figures/pr-curves.pdf Graphic file (type pdf)
<use figures/pr-curves.pdf>
Package pdftex.def Info: figures/pr-curves.pdf  used on input line 248.
(pdftex.def)             Requested size: 215.5pt x 221.24722pt.

Underfull \hbox (badness 10000) in paragraph at lines 251--273

 []

[38 <./figures/roc-curves.pdf> <./figures/pr-curves.pdf

pdfTeX warning: pdflatex.exe (file ./figures/pr-curves.pdf): PDF inclusion: mul
tiple pdfs with page group included in a single page
>]
Underfull \hbox (badness 10000) in paragraph at lines 275--276

 []


Underfull \hbox (badness 10000) in paragraph at lines 277--278

 []


Underfull \hbox (badness 10000) in paragraph at lines 279--280

 []


Underfull \hbox (badness 10000) in paragraph at lines 312--313

 []


Underfull \hbox (badness 10000) in paragraph at lines 314--315

 []


Underfull \hbox (badness 10000) in paragraph at lines 320--321

 []

[39]
Underfull \hbox (badness 10000) in paragraph at lines 355--356

 []


Underfull \hbox (badness 10000) in paragraph at lines 357--358

 []

[40]
Underfull \hbox (badness 10000) in paragraph at lines 362--363

 []


Underfull \hbox (badness 10000) in paragraph at lines 364--365

 []


Underfull \hbox (badness 10000) in paragraph at lines 366--367

 []

<figures/preds-0.pdf, id=1451, 861.06317pt x 571.50703pt>
File: figures/preds-0.pdf Graphic file (type pdf)
<use figures/preds-0.pdf>
Package pdftex.def Info: figures/preds-0.pdf  used on input line 370.
(pdftex.def)             Requested size: 364.00139pt x 241.601pt.
[41 <./figures/preds-0.pdf>]
Underfull \hbox (badness 10000) in paragraph at lines 409--410

 []

[42]
<figures/preds-1.pdf, id=1501, 854.73956pt x 1005.12703pt>
File: figures/preds-1.pdf Graphic file (type pdf)
<use figures/preds-1.pdf>
Package pdftex.def Info: figures/preds-1.pdf  used on input line 416.
(pdftex.def)             Requested size: 364.00139pt x 428.03987pt.
) (chapters/conclusion_future_work.tex [43 <./figures/preds-1.pdf>]
Underfull \hbox (badness 10000) in paragraph at lines 3--4

 []


Underfull \hbox (badness 10000) in paragraph at lines 9--10

 []


Underfull \hbox (badness 10000) in paragraph at lines 11--12

 []


Underfull \hbox (badness 10000) in paragraph at lines 13--14

 []

[44

]
Underfull \hbox (badness 10000) in paragraph at lines 20--21

 []


Underfull \hbox (badness 10000) in paragraph at lines 25--26

 []


Underfull \hbox (badness 10000) in paragraph at lines 30--31

 []


Underfull \hbox (badness 10000) in paragraph at lines 35--36

 []


Underfull \hbox (badness 10000) in paragraph at lines 40--41

 []


Underfull \hbox (badness 10000) in paragraph at lines 45--46

 []


Underfull \hbox (badness 10000) in paragraph at lines 50--51

 []

[45]
Underfull \hbox (badness 10000) in paragraph at lines 55--56

 []


Underfull \hbox (badness 10000) in paragraph at lines 60--61

 []


Underfull \hbox (badness 10000) in paragraph at lines 62--63

 []

) (C:\Users\tizimmer\Documents\masters-thesis\build\thesis.bbl [46] [47

])
[48]
\tf@toc=\write8
\openout8 = `thesis.toc'.

Package atveryend Info: Empty hook `BeforeClearDocument' on input line 79.
Package atveryend Info: Empty hook `AfterLastShipout' on input line 79.
 (C:\Users\tizimmer\Documents\masters-thesis\build\thesis.aux)
Package atveryend Info: Executing hook `AtVeryEndDocument' on input line 79.
Package atveryend Info: Executing hook `AtEndAfterFileList' on input line 79.
Package rerunfilecheck Info: File `thesis.out' has not changed.
(rerunfilecheck)             Checksum: 2D8A7E3F1787C4A9111478F4FF0F4A14;5531.


LaTeX Warning: There were multiply-defined labels.

Package atveryend Info: Empty hook `AtVeryVeryEnd' on input line 79.
 ) 
Here is how much of TeX's memory you used:
 35272 strings out of 492970
 638476 string characters out of 3125261
 772591 words of memory out of 3000000
 38260 multiletter control sequences out of 15000+200000
 29462 words of font info for 80 fonts, out of 3000000 for 9000
 1141 hyphenation exceptions out of 8191
 76i,15n,82p,1658b,612s stack positions out of 5000i,500n,10000p,200000b,50000s
{C:/Users/tizimmer/AppData/Local/Programs/MiKTeX 2.9/fonts/enc/dvips/base/8r.
enc}<C:/Users/tizimmer/AppData/Local/Programs/MiKTeX 2.9/fonts/type1/public/ams
fonts/cmextra/cmbsy7.pfb><C:/Users/tizimmer/AppData/Local/Programs/MiKTeX 2.9/f
onts/type1/public/amsfonts/cm/cmbx10.pfb><C:/Users/tizimmer/AppData/Local/Progr
ams/MiKTeX 2.9/fonts/type1/public/amsfonts/cm/cmbx12.pfb><C:/Users/tizimmer/App
Data/Local/Programs/MiKTeX 2.9/fonts/type1/public/amsfonts/cm/cmbx7.pfb><C:/Use
rs/tizimmer/AppData/Local/Programs/MiKTeX 2.9/fonts/type1/public/amsfonts/cm/cm
ex10.pfb><C:/Users/tizimmer/AppData/Local/Programs/MiKTeX 2.9/fonts/type1/publi
c/amsfonts/cm/cmmi10.pfb><C:/Users/tizimmer/AppData/Local/Programs/MiKTeX 2.9/f
onts/type1/public/amsfonts/cm/cmmi7.pfb><C:/Users/tizimmer/AppData/Local/Progra
ms/MiKTeX 2.9/fonts/type1/public/amsfonts/cm/cmmib10.pfb><C:/Users/tizimmer/App
Data/Local/Programs/MiKTeX 2.9/fonts/type1/public/amsfonts/cmextra/cmmib7.pfb><
C:/Users/tizimmer/AppData/Local/Programs/MiKTeX 2.9/fonts/type1/public/amsfonts
/cm/cmr10.pfb><C:/Users/tizimmer/AppData/Local/Programs/MiKTeX 2.9/fonts/type1/
public/amsfonts/cm/cmr6.pfb><C:/Users/tizimmer/AppData/Local/Programs/MiKTeX 2.
9/fonts/type1/public/amsfonts/cm/cmr7.pfb><C:/Users/tizimmer/AppData/Local/Prog
rams/MiKTeX 2.9/fonts/type1/public/amsfonts/cm/cmr8.pfb><C:/Users/tizimmer/AppD
ata/Local/Programs/MiKTeX 2.9/fonts/type1/public/amsfonts/cm/cmsy10.pfb><C:/Use
rs/tizimmer/AppData/Local/Programs/MiKTeX 2.9/fonts/type1/public/amsfonts/cm/cm
sy7.pfb><C:/Users/tizimmer/AppData/Local/Programs/MiKTeX 2.9/fonts/type1/public
/amsfonts/cm/cmti10.pfb><C:/Users/tizimmer/AppData/Local/Programs/MiKTeX 2.9/fo
nts/type1/public/amsfonts/symbols/msbm10.pfb><C:/Users/tizimmer/AppData/Local/P
rograms/MiKTeX 2.9/fonts/type1/urw/courier/ucrr8a.pfb><C:/Users/tizimmer/AppDat
a/Local/Programs/MiKTeX 2.9/fonts/type1/urw/helvetic/uhvb8a.pfb><C:/Users/tizim
mer/AppData/Local/Programs/MiKTeX 2.9/fonts/type1/urw/helvetic/uhvr8a.pfb>
Output written on C:\Users\tizimmer\Documents\masters-thesis\build\thesis.pdf (
52 pages, 2214395 bytes).
PDF statistics:
 1690 PDF objects out of 1728 (max. 8388607)
 211 named destinations out of 1000 (max. 500000)
 529 words of extra memory for PDF output out of 10000 (max. 10000000)

